{"D:\\My Data\\Projects\\ShowTracker\\ShowTracker\\server\\src\\tmdb.ts": {"path":"D:\\My Data\\Projects\\ShowTracker\\ShowTracker\\server\\src\\tmdb.ts","statementMap":{"0":{"start":{"line":3,"column":18},"end":{"line":3,"column":null}},"1":{"start":{"line":4,"column":17},"end":{"line":4,"column":41}},"2":{"start":{"line":6,"column":20},"end":{"line":6,"column":57}},"3":{"start":{"line":24,"column":2},"end":{"line":24,"column":null}}},"fnMap":{"0":{"name":"tmdbGet","decl":{"start":{"line":23,"column":22},"end":{"line":23,"column":43}},"loc":{"start":{"line":23,"column":89},"end":{"line":25,"column":null}}}},"branchMap":{"0":{"loc":{"start":{"line":23,"column":57},"end":{"line":23,"column":89}},"type":"default-arg","locations":[{"start":{"line":23,"column":87},"end":{"line":23,"column":89}}]}},"s":{"0":0,"1":0,"2":0,"3":0},"f":{"0":0},"b":{"0":[0]}}
,"D:\\My Data\\Projects\\ShowTracker\\ShowTracker\\server\\src\\controllers\\auth.controller.ts": {"path":"D:\\My Data\\Projects\\ShowTracker\\ShowTracker\\server\\src\\controllers\\auth.controller.ts","statementMap":{"0":{"start":{"line":43,"column":13},"end":{"line":43,"column":21}},"1":{"start":{"line":85,"column":13},"end":{"line":85,"column":22}},"2":{"start":{"line":108,"column":13},"end":{"line":108,"column":18}},"3":{"start":{"line":66,"column":13},"end":{"line":66,"column":23}},"4":{"start":{"line":18,"column":13},"end":{"line":18,"column":24}},"5":{"start":{"line":2,"column":19},"end":{"line":2,"column":null}},"6":{"start":{"line":3,"column":23},"end":{"line":3,"column":null}},"7":{"start":{"line":4,"column":89},"end":{"line":4,"column":null}},"8":{"start":{"line":6,"column":16},"end":{"line":6,"column":null}},"9":{"start":{"line":6,"column":31},"end":{"line":6,"column":null}},"10":{"start":{"line":9,"column":2},"end":{"line":15,"column":null}},"11":{"start":{"line":18,"column":24},"end":{"line":41,"column":null}},"12":{"start":{"line":19,"column":2},"end":{"line":40,"column":null}},"13":{"start":{"line":20,"column":32},"end":{"line":20,"column":null}},"14":{"start":{"line":21,"column":4},"end":{"line":21,"column":null}},"15":{"start":{"line":21,"column":54},"end":{"line":21,"column":null}},"16":{"start":{"line":22,"column":4},"end":{"line":22,"column":null}},"17":{"start":{"line":22,"column":61},"end":{"line":22,"column":null}},"18":{"start":{"line":24,"column":19},"end":{"line":24,"column":null}},"19":{"start":{"line":25,"column":4},"end":{"line":25,"column":null}},"20":{"start":{"line":25,"column":16},"end":{"line":25,"column":null}},"21":{"start":{"line":27,"column":25},"end":{"line":27,"column":null}},"22":{"start":{"line":28,"column":20},"end":{"line":31,"column":null}},"23":{"start":{"line":33,"column":24},"end":{"line":33,"column":null}},"24":{"start":{"line":34,"column":25},"end":{"line":34,"column":null}},"25":{"start":{"line":35,"column":4},"end":{"line":35,"column":null}},"26":{"start":{"line":37,"column":4},"end":{"line":37,"column":null}},"27":{"start":{"line":39,"column":4},"end":{"line":39,"column":null}},"28":{"start":{"line":43,"column":21},"end":{"line":64,"column":null}},"29":{"start":{"line":44,"column":2},"end":{"line":63,"column":null}},"30":{"start":{"line":45,"column":32},"end":{"line":45,"column":null}},"31":{"start":{"line":46,"column":4},"end":{"line":46,"column":null}},"32":{"start":{"line":46,"column":67},"end":{"line":46,"column":null}},"33":{"start":{"line":48,"column":17},"end":{"line":48,"column":null}},"34":{"start":{"line":49,"column":4},"end":{"line":49,"column":null}},"35":{"start":{"line":49,"column":15},"end":{"line":49,"column":null}},"36":{"start":{"line":51,"column":15},"end":{"line":51,"column":null}},"37":{"start":{"line":52,"column":4},"end":{"line":52,"column":null}},"38":{"start":{"line":52,"column":13},"end":{"line":52,"column":null}},"39":{"start":{"line":54,"column":4},"end":{"line":54,"column":null}},"40":{"start":{"line":56,"column":24},"end":{"line":56,"column":null}},"41":{"start":{"line":57,"column":25},"end":{"line":57,"column":null}},"42":{"start":{"line":58,"column":4},"end":{"line":58,"column":null}},"43":{"start":{"line":60,"column":4},"end":{"line":60,"column":null}},"44":{"start":{"line":62,"column":4},"end":{"line":62,"column":null}},"45":{"start":{"line":66,"column":23},"end":{"line":83,"column":null}},"46":{"start":{"line":67,"column":2},"end":{"line":82,"column":null}},"47":{"start":{"line":68,"column":18},"end":{"line":68,"column":null}},"48":{"start":{"line":69,"column":4},"end":{"line":69,"column":null}},"49":{"start":{"line":69,"column":16},"end":{"line":69,"column":null}},"50":{"start":{"line":71,"column":20},"end":{"line":71,"column":null}},"51":{"start":{"line":72,"column":17},"end":{"line":72,"column":null}},"52":{"start":{"line":73,"column":4},"end":{"line":73,"column":null}},"53":{"start":{"line":73,"column":51},"end":{"line":73,"column":null}},"54":{"start":{"line":75,"column":24},"end":{"line":75,"column":null}},"55":{"start":{"line":76,"column":25},"end":{"line":76,"column":null}},"56":{"start":{"line":77,"column":4},"end":{"line":77,"column":null}},"57":{"start":{"line":79,"column":4},"end":{"line":79,"column":null}},"58":{"start":{"line":81,"column":4},"end":{"line":81,"column":null}},"59":{"start":{"line":85,"column":22},"end":{"line":105,"column":null}},"60":{"start":{"line":86,"column":2},"end":{"line":104,"column":null}},"61":{"start":{"line":87,"column":17},"end":{"line":87,"column":null}},"62":{"start":{"line":88,"column":18},"end":{"line":88,"column":null}},"63":{"start":{"line":89,"column":4},"end":{"line":95,"column":null}},"64":{"start":{"line":90,"column":22},"end":{"line":90,"column":null}},"65":{"start":{"line":91,"column":6},"end":{"line":94,"column":null}},"66":{"start":{"line":96,"column":4},"end":{"line":100,"column":null}},"67":{"start":{"line":101,"column":4},"end":{"line":101,"column":null}},"68":{"start":{"line":103,"column":4},"end":{"line":103,"column":null}},"69":{"start":{"line":108,"column":18},"end":{"line":111,"column":null}},"70":{"start":{"line":109,"column":15},"end":{"line":109,"column":32}},"71":{"start":{"line":110,"column":2},"end":{"line":110,"column":null}}},"fnMap":{"0":{"name":"(anonymous_7)","decl":{"start":{"line":6,"column":16},"end":{"line":6,"column":17}},"loc":{"start":{"line":6,"column":31},"end":{"line":6,"column":null}}},"1":{"name":"setRefreshCookie","decl":{"start":{"line":8,"column":9},"end":{"line":8,"column":26}},"loc":{"start":{"line":8,"column":54},"end":{"line":16,"column":null}}},"2":{"name":"(anonymous_9)","decl":{"start":{"line":18,"column":24},"end":{"line":18,"column":31}},"loc":{"start":{"line":18,"column":45},"end":{"line":41,"column":null}}},"3":{"name":"(anonymous_10)","decl":{"start":{"line":43,"column":21},"end":{"line":43,"column":28}},"loc":{"start":{"line":43,"column":42},"end":{"line":64,"column":null}}},"4":{"name":"(anonymous_11)","decl":{"start":{"line":66,"column":23},"end":{"line":66,"column":30}},"loc":{"start":{"line":66,"column":44},"end":{"line":83,"column":null}}},"5":{"name":"(anonymous_12)","decl":{"start":{"line":85,"column":22},"end":{"line":85,"column":29}},"loc":{"start":{"line":85,"column":43},"end":{"line":105,"column":null}}},"6":{"name":"(anonymous_13)","decl":{"start":{"line":108,"column":18},"end":{"line":108,"column":25}},"loc":{"start":{"line":108,"column":39},"end":{"line":111,"column":null}}}},"branchMap":{"0":{"loc":{"start":{"line":20,"column":32},"end":{"line":20,"column":null}},"type":"binary-expr","locations":[{"start":{"line":20,"column":32},"end":{"line":20,"column":40}},{"start":{"line":20,"column":44},"end":{"line":20,"column":null}}]},"1":{"loc":{"start":{"line":21,"column":4},"end":{"line":21,"column":null}},"type":"if","locations":[{"start":{"line":21,"column":4},"end":{"line":21,"column":null}},{"start":{},"end":{}}]},"2":{"loc":{"start":{"line":21,"column":8},"end":{"line":21,"column":54}},"type":"binary-expr","locations":[{"start":{"line":21,"column":8},"end":{"line":21,"column":37}},{"start":{"line":21,"column":37},"end":{"line":21,"column":54}}]},"3":{"loc":{"start":{"line":22,"column":4},"end":{"line":22,"column":null}},"type":"if","locations":[{"start":{"line":22,"column":4},"end":{"line":22,"column":null}},{"start":{},"end":{}}]},"4":{"loc":{"start":{"line":22,"column":8},"end":{"line":22,"column":61}},"type":"binary-expr","locations":[{"start":{"line":22,"column":8},"end":{"line":22,"column":40}},{"start":{"line":22,"column":40},"end":{"line":22,"column":61}}]},"5":{"loc":{"start":{"line":25,"column":4},"end":{"line":25,"column":null}},"type":"if","locations":[{"start":{"line":25,"column":4},"end":{"line":25,"column":null}},{"start":{},"end":{}}]},"6":{"loc":{"start":{"line":45,"column":32},"end":{"line":45,"column":null}},"type":"binary-expr","locations":[{"start":{"line":45,"column":32},"end":{"line":45,"column":40}},{"start":{"line":45,"column":44},"end":{"line":45,"column":null}}]},"7":{"loc":{"start":{"line":46,"column":4},"end":{"line":46,"column":null}},"type":"if","locations":[{"start":{"line":46,"column":4},"end":{"line":46,"column":null}},{"start":{},"end":{}}]},"8":{"loc":{"start":{"line":46,"column":8},"end":{"line":46,"column":67}},"type":"binary-expr","locations":[{"start":{"line":46,"column":8},"end":{"line":46,"column":37}},{"start":{"line":46,"column":37},"end":{"line":46,"column":67}}]},"9":{"loc":{"start":{"line":49,"column":4},"end":{"line":49,"column":null}},"type":"if","locations":[{"start":{"line":49,"column":4},"end":{"line":49,"column":null}},{"start":{},"end":{}}]},"10":{"loc":{"start":{"line":52,"column":4},"end":{"line":52,"column":null}},"type":"if","locations":[{"start":{"line":52,"column":4},"end":{"line":52,"column":null}},{"start":{},"end":{}}]},"11":{"loc":{"start":{"line":69,"column":4},"end":{"line":69,"column":null}},"type":"if","locations":[{"start":{"line":69,"column":4},"end":{"line":69,"column":null}},{"start":{},"end":{}}]},"12":{"loc":{"start":{"line":73,"column":4},"end":{"line":73,"column":null}},"type":"if","locations":[{"start":{"line":73,"column":4},"end":{"line":73,"column":null}},{"start":{},"end":{}}]},"13":{"loc":{"start":{"line":73,"column":8},"end":{"line":73,"column":49}},"type":"binary-expr","locations":[{"start":{"line":73,"column":8},"end":{"line":73,"column":17}},{"start":{"line":73,"column":17},"end":{"line":73,"column":49}}]},"14":{"loc":{"start":{"line":87,"column":17},"end":{"line":87,"column":null}},"type":"binary-expr","locations":[{"start":{"line":87,"column":17},"end":{"line":87,"column":42}},{"start":{"line":87,"column":46},"end":{"line":87,"column":null}}]},"15":{"loc":{"start":{"line":88,"column":18},"end":{"line":88,"column":null}},"type":"cond-expr","locations":[{"start":{"line":88,"column":47},"end":{"line":88,"column":63}},{"start":{"line":88,"column":63},"end":{"line":88,"column":null}}]},"16":{"loc":{"start":{"line":89,"column":4},"end":{"line":95,"column":null}},"type":"if","locations":[{"start":{"line":89,"column":4},"end":{"line":95,"column":null}},{"start":{},"end":{}}]}},"s":{"0":5,"1":3,"2":1,"3":4,"4":5,"5":1,"6":1,"7":1,"8":1,"9":5,"10":3,"11":1,"12":5,"13":5,"14":5,"15":1,"16":4,"17":1,"18":3,"19":2,"20":1,"21":1,"22":1,"23":1,"24":1,"25":1,"26":1,"27":1,"28":1,"29":5,"30":5,"31":5,"32":1,"33":4,"34":3,"35":1,"36":2,"37":2,"38":1,"39":1,"40":1,"41":1,"42":1,"43":1,"44":1,"45":1,"46":4,"47":4,"48":4,"49":1,"50":3,"51":2,"52":2,"53":1,"54":1,"55":1,"56":1,"57":1,"58":1,"59":1,"60":3,"61":3,"62":3,"63":3,"64":2,"65":1,"66":2,"67":2,"68":1,"69":1,"70":1,"71":1},"f":{"0":5,"1":3,"2":5,"3":5,"4":4,"5":3,"6":1},"b":{"0":[5,0],"1":[1,4],"2":[5,5],"3":[1,3],"4":[4,4],"5":[1,1],"6":[5,0],"7":[1,4],"8":[5,5],"9":[1,2],"10":[1,1],"11":[1,3],"12":[1,1],"13":[2,2],"14":[3,1],"15":[2,1],"16":[2,1]}}
,"D:\\My Data\\Projects\\ShowTracker\\ShowTracker\\server\\src\\controllers\\favorites.controller.ts": {"path":"D:\\My Data\\Projects\\ShowTracker\\ShowTracker\\server\\src\\controllers\\favorites.controller.ts","statementMap":{"0":{"start":{"line":15,"column":22},"end":{"line":15,"column":34}},"1":{"start":{"line":74,"column":22},"end":{"line":74,"column":36}},"2":{"start":{"line":53,"column":22},"end":{"line":53,"column":37}},"3":{"start":{"line":2,"column":23},"end":{"line":2,"column":null}},"4":{"start":{"line":3,"column":24},"end":{"line":3,"column":null}},"5":{"start":{"line":4,"column":26},"end":{"line":4,"column":null}},"6":{"start":{"line":6,"column":21},"end":{"line":6,"column":null}},"7":{"start":{"line":9,"column":2},"end":{"line":9,"column":null}},"8":{"start":{"line":9,"column":21},"end":{"line":9,"column":null}},"9":{"start":{"line":10,"column":2},"end":{"line":10,"column":null}},"10":{"start":{"line":10,"column":21},"end":{"line":10,"column":null}},"11":{"start":{"line":11,"column":2},"end":{"line":11,"column":null}},"12":{"start":{"line":11,"column":22},"end":{"line":11,"column":null}},"13":{"start":{"line":12,"column":2},"end":{"line":12,"column":null}},"14":{"start":{"line":16,"column":2},"end":{"line":50,"column":null}},"15":{"start":{"line":17,"column":19},"end":{"line":17,"column":null}},"16":{"start":{"line":18,"column":22},"end":{"line":18,"column":null}},"17":{"start":{"line":19,"column":19},"end":{"line":19,"column":null}},"18":{"start":{"line":21,"column":4},"end":{"line":21,"column":null}},"19":{"start":{"line":21,"column":38},"end":{"line":21,"column":null}},"20":{"start":{"line":22,"column":4},"end":{"line":22,"column":null}},"21":{"start":{"line":22,"column":38},"end":{"line":22,"column":null}},"22":{"start":{"line":28,"column":4},"end":{"line":37,"column":null}},"23":{"start":{"line":29,"column":23},"end":{"line":29,"column":null}},"24":{"start":{"line":30,"column":6},"end":{"line":30,"column":26}},"25":{"start":{"line":30,"column":26},"end":{"line":30,"column":null}},"26":{"start":{"line":31,"column":11},"end":{"line":37,"column":null}},"27":{"start":{"line":32,"column":23},"end":{"line":32,"column":null}},"28":{"start":{"line":33,"column":6},"end":{"line":33,"column":25}},"29":{"start":{"line":33,"column":25},"end":{"line":33,"column":null}},"30":{"start":{"line":35,"column":23},"end":{"line":35,"column":null}},"31":{"start":{"line":36,"column":6},"end":{"line":36,"column":25}},"32":{"start":{"line":36,"column":25},"end":{"line":36,"column":null}},"33":{"start":{"line":39,"column":4},"end":{"line":45,"column":null}},"34":{"start":{"line":47,"column":4},"end":{"line":47,"column":null}},"35":{"start":{"line":49,"column":4},"end":{"line":49,"column":null}},"36":{"start":{"line":54,"column":2},"end":{"line":71,"column":null}},"37":{"start":{"line":55,"column":19},"end":{"line":55,"column":null}},"38":{"start":{"line":56,"column":22},"end":{"line":56,"column":null}},"39":{"start":{"line":57,"column":19},"end":{"line":57,"column":null}},"40":{"start":{"line":59,"column":4},"end":{"line":59,"column":null}},"41":{"start":{"line":59,"column":38},"end":{"line":59,"column":null}},"42":{"start":{"line":60,"column":4},"end":{"line":60,"column":null}},"43":{"start":{"line":60,"column":38},"end":{"line":60,"column":null}},"44":{"start":{"line":62,"column":4},"end":{"line":66,"column":null}},"45":{"start":{"line":68,"column":4},"end":{"line":68,"column":null}},"46":{"start":{"line":70,"column":4},"end":{"line":70,"column":null}},"47":{"start":{"line":75,"column":2},"end":{"line":97,"column":null}},"48":{"start":{"line":76,"column":19},"end":{"line":76,"column":null}},"49":{"start":{"line":77,"column":22},"end":{"line":77,"column":null}},"50":{"start":{"line":78,"column":4},"end":{"line":78,"column":null}},"51":{"start":{"line":78,"column":38},"end":{"line":78,"column":null}},"52":{"start":{"line":80,"column":17},"end":{"line":80,"column":null}},"53":{"start":{"line":81,"column":17},"end":{"line":84,"column":null}},"54":{"start":{"line":86,"column":4},"end":{"line":86,"column":null}},"55":{"start":{"line":86,"column":15},"end":{"line":86,"column":null}},"56":{"start":{"line":88,"column":20},"end":{"line":92,"column":null}},"57":{"start":{"line":89,"column":6},"end":{"line":89,"column":null}},"58":{"start":{"line":89,"column":33},"end":{"line":89,"column":null}},"59":{"start":{"line":90,"column":6},"end":{"line":90,"column":null}},"60":{"start":{"line":90,"column":33},"end":{"line":90,"column":null}},"61":{"start":{"line":91,"column":6},"end":{"line":91,"column":null}},"62":{"start":{"line":94,"column":4},"end":{"line":94,"column":null}},"63":{"start":{"line":96,"column":4},"end":{"line":96,"column":null}}},"fnMap":{"0":{"name":"mapType","decl":{"start":{"line":8,"column":9},"end":{"line":8,"column":17}},"loc":{"start":{"line":8,"column":26},"end":{"line":13,"column":null}}},"1":{"name":"addFavorite","decl":{"start":{"line":15,"column":22},"end":{"line":15,"column":34}},"loc":{"start":{"line":15,"column":61},"end":{"line":51,"column":null}}},"2":{"name":"removeFavorite","decl":{"start":{"line":53,"column":22},"end":{"line":53,"column":37}},"loc":{"start":{"line":53,"column":64},"end":{"line":72,"column":null}}},"3":{"name":"listFavorites","decl":{"start":{"line":74,"column":22},"end":{"line":74,"column":36}},"loc":{"start":{"line":74,"column":63},"end":{"line":98,"column":null}}},"4":{"name":"(anonymous_8)","decl":{"start":{"line":88,"column":47},"end":{"line":88,"column":53}},"loc":{"start":{"line":88,"column":53},"end":{"line":92,"column":null}}}},"branchMap":{"0":{"loc":{"start":{"line":9,"column":2},"end":{"line":9,"column":null}},"type":"if","locations":[{"start":{"line":9,"column":2},"end":{"line":9,"column":null}},{"start":{},"end":{}}]},"1":{"loc":{"start":{"line":10,"column":2},"end":{"line":10,"column":null}},"type":"if","locations":[{"start":{"line":10,"column":2},"end":{"line":10,"column":null}},{"start":{},"end":{}}]},"2":{"loc":{"start":{"line":11,"column":2},"end":{"line":11,"column":null}},"type":"if","locations":[{"start":{"line":11,"column":2},"end":{"line":11,"column":null}},{"start":{},"end":{}}]},"3":{"loc":{"start":{"line":21,"column":4},"end":{"line":21,"column":null}},"type":"if","locations":[{"start":{"line":21,"column":4},"end":{"line":21,"column":null}},{"start":{},"end":{}}]},"4":{"loc":{"start":{"line":22,"column":4},"end":{"line":22,"column":null}},"type":"if","locations":[{"start":{"line":22,"column":4},"end":{"line":22,"column":null}},{"start":{},"end":{}}]},"5":{"loc":{"start":{"line":28,"column":4},"end":{"line":37,"column":null}},"type":"if","locations":[{"start":{"line":28,"column":4},"end":{"line":37,"column":null}},{"start":{"line":31,"column":11},"end":{"line":37,"column":null}}]},"6":{"loc":{"start":{"line":30,"column":39},"end":{"line":30,"column":null}},"type":"binary-expr","locations":[{"start":{"line":30,"column":39},"end":{"line":30,"column":55}},{"start":{"line":30,"column":59},"end":{"line":30,"column":null}}]},"7":{"loc":{"start":{"line":31,"column":11},"end":{"line":37,"column":null}},"type":"if","locations":[{"start":{"line":31,"column":11},"end":{"line":37,"column":null}},{"start":{"line":34,"column":11},"end":{"line":37,"column":null}}]},"8":{"loc":{"start":{"line":33,"column":38},"end":{"line":33,"column":null}},"type":"binary-expr","locations":[{"start":{"line":33,"column":38},"end":{"line":33,"column":54}},{"start":{"line":33,"column":58},"end":{"line":33,"column":null}}]},"9":{"loc":{"start":{"line":36,"column":38},"end":{"line":36,"column":null}},"type":"binary-expr","locations":[{"start":{"line":36,"column":38},"end":{"line":36,"column":55}},{"start":{"line":36,"column":59},"end":{"line":36,"column":null}}]},"10":{"loc":{"start":{"line":59,"column":4},"end":{"line":59,"column":null}},"type":"if","locations":[{"start":{"line":59,"column":4},"end":{"line":59,"column":null}},{"start":{},"end":{}}]},"11":{"loc":{"start":{"line":60,"column":4},"end":{"line":60,"column":null}},"type":"if","locations":[{"start":{"line":60,"column":4},"end":{"line":60,"column":null}},{"start":{},"end":{}}]},"12":{"loc":{"start":{"line":78,"column":4},"end":{"line":78,"column":null}},"type":"if","locations":[{"start":{"line":78,"column":4},"end":{"line":78,"column":null}},{"start":{},"end":{}}]},"13":{"loc":{"start":{"line":86,"column":4},"end":{"line":86,"column":null}},"type":"if","locations":[{"start":{"line":86,"column":4},"end":{"line":86,"column":null}},{"start":{},"end":{}}]},"14":{"loc":{"start":{"line":89,"column":6},"end":{"line":89,"column":null}},"type":"if","locations":[{"start":{"line":89,"column":6},"end":{"line":89,"column":null}},{"start":{},"end":{}}]},"15":{"loc":{"start":{"line":90,"column":6},"end":{"line":90,"column":null}},"type":"if","locations":[{"start":{"line":90,"column":6},"end":{"line":90,"column":null}},{"start":{},"end":{}}]}},"s":{"0":6,"1":4,"2":4,"3":1,"4":1,"5":1,"6":1,"7":11,"8":7,"9":4,"10":2,"11":2,"12":2,"13":0,"14":6,"15":6,"16":6,"17":6,"18":6,"19":1,"20":5,"21":1,"22":4,"23":2,"24":1,"25":1,"26":2,"27":1,"28":1,"29":1,"30":1,"31":1,"32":1,"33":3,"34":3,"35":1,"36":4,"37":4,"38":4,"39":4,"40":4,"41":1,"42":3,"43":1,"44":2,"45":1,"46":1,"47":4,"48":4,"49":4,"50":4,"51":1,"52":3,"53":3,"54":2,"55":1,"56":1,"57":2,"58":2,"59":0,"60":0,"61":0,"62":1,"63":1},"f":{"0":11,"1":6,"2":4,"3":4,"4":2},"b":{"0":[7,4],"1":[2,2],"2":[2,0],"3":[1,5],"4":[1,4],"5":[2,2],"6":[1,0],"7":[1,1],"8":[1,0],"9":[1,0],"10":[1,3],"11":[1,2],"12":[1,3],"13":[1,1],"14":[2,0],"15":[0,0]}}
,"D:\\My Data\\Projects\\ShowTracker\\ShowTracker\\server\\src\\controllers\\genres.controller.ts": {"path":"D:\\My Data\\Projects\\ShowTracker\\ShowTracker\\server\\src\\controllers\\genres.controller.ts","statementMap":{"0":{"start":{"line":7,"column":13},"end":{"line":7,"column":25}},"1":{"start":{"line":12,"column":13},"end":{"line":12,"column":26}},"2":{"start":{"line":2,"column":23},"end":{"line":2,"column":null}},"3":{"start":{"line":3,"column":24},"end":{"line":3,"column":null}},"4":{"start":{"line":7,"column":25},"end":{"line":10,"column":null}},"5":{"start":{"line":8,"column":15},"end":{"line":8,"column":null}},"6":{"start":{"line":9,"column":2},"end":{"line":9,"column":null}},"7":{"start":{"line":12,"column":26},"end":{"line":36,"column":null}},"8":{"start":{"line":13,"column":28},"end":{"line":16,"column":null}},"9":{"start":{"line":18,"column":17},"end":{"line":18,"column":null}},"10":{"start":{"line":19,"column":15},"end":{"line":19,"column":null}},"11":{"start":{"line":20,"column":2},"end":{"line":22,"column":null}},"12":{"start":{"line":21,"column":4},"end":{"line":21,"column":null}},"13":{"start":{"line":23,"column":17},"end":{"line":23,"column":null}},"14":{"start":{"line":23,"column":51},"end":{"line":23,"column":null}},"15":{"start":{"line":24,"column":2},"end":{"line":30,"column":null}},"16":{"start":{"line":26,"column":6},"end":{"line":30,"column":null}},"17":{"start":{"line":34,"column":15},"end":{"line":34,"column":null}},"18":{"start":{"line":35,"column":2},"end":{"line":35,"column":null}}},"fnMap":{"0":{"name":"(anonymous_3)","decl":{"start":{"line":7,"column":25},"end":{"line":7,"column":32}},"loc":{"start":{"line":7,"column":47},"end":{"line":10,"column":null}}},"1":{"name":"(anonymous_4)","decl":{"start":{"line":12,"column":26},"end":{"line":12,"column":33}},"loc":{"start":{"line":12,"column":48},"end":{"line":36,"column":null}}},"2":{"name":"(anonymous_5)","decl":{"start":{"line":23,"column":34},"end":{"line":23,"column":35}},"loc":{"start":{"line":23,"column":51},"end":{"line":23,"column":null}}},"3":{"name":"(anonymous_6)","decl":{"start":{"line":25,"column":15},"end":{"line":25,"column":16}},"loc":{"start":{"line":26,"column":6},"end":{"line":30,"column":null}}}},"branchMap":{"0":{"loc":{"start":{"line":18,"column":22},"end":{"line":18,"column":48}},"type":"binary-expr","locations":[{"start":{"line":18,"column":22},"end":{"line":18,"column":42}},{"start":{"line":18,"column":46},"end":{"line":18,"column":48}}]},"1":{"loc":{"start":{"line":18,"column":55},"end":{"line":18,"column":78}},"type":"binary-expr","locations":[{"start":{"line":18,"column":55},"end":{"line":18,"column":72}},{"start":{"line":18,"column":76},"end":{"line":18,"column":78}}]}},"s":{"0":1,"1":1,"2":1,"3":1,"4":1,"5":1,"6":1,"7":1,"8":1,"9":1,"10":1,"11":1,"12":4,"13":1,"14":3,"15":1,"16":3,"17":1,"18":1},"f":{"0":1,"1":1,"2":3,"3":3},"b":{"0":[1,0],"1":[1,0]}}
,"D:\\My Data\\Projects\\ShowTracker\\ShowTracker\\server\\src\\controllers\\movies.controller.ts": {"path":"D:\\My Data\\Projects\\ShowTracker\\ShowTracker\\server\\src\\controllers\\movies.controller.ts","statementMap":{"0":{"start":{"line":40,"column":13},"end":{"line":40,"column":30}},"1":{"start":{"line":8,"column":13},"end":{"line":8,"column":28}},"2":{"start":{"line":25,"column":13},"end":{"line":25,"column":32}},"3":{"start":{"line":59,"column":13},"end":{"line":59,"column":28}},"4":{"start":{"line":2,"column":24},"end":{"line":2,"column":null}},"5":{"start":{"line":3,"column":22},"end":{"line":3,"column":null}},"6":{"start":{"line":5,"column":18},"end":{"line":5,"column":null}},"7":{"start":{"line":6,"column":16},"end":{"line":6,"column":null}},"8":{"start":{"line":8,"column":28},"end":{"line":23,"column":null}},"9":{"start":{"line":9,"column":2},"end":{"line":22,"column":null}},"10":{"start":{"line":10,"column":15},"end":{"line":10,"column":null}},"11":{"start":{"line":11,"column":4},"end":{"line":11,"column":null}},"12":{"start":{"line":11,"column":26},"end":{"line":11,"column":null}},"13":{"start":{"line":13,"column":21},"end":{"line":13,"column":34}},"14":{"start":{"line":14,"column":19},"end":{"line":14,"column":null}},"15":{"start":{"line":15,"column":4},"end":{"line":15,"column":null}},"16":{"start":{"line":15,"column":16},"end":{"line":15,"column":null}},"17":{"start":{"line":17,"column":21},"end":{"line":17,"column":null}},"18":{"start":{"line":18,"column":4},"end":{"line":18,"column":null}},"19":{"start":{"line":19,"column":4},"end":{"line":19,"column":null}},"20":{"start":{"line":21,"column":4},"end":{"line":21,"column":null}},"21":{"start":{"line":25,"column":32},"end":{"line":38,"column":null}},"22":{"start":{"line":26,"column":2},"end":{"line":37,"column":null}},"23":{"start":{"line":27,"column":17},"end":{"line":27,"column":null}},"24":{"start":{"line":28,"column":16},"end":{"line":28,"column":40}},"25":{"start":{"line":29,"column":19},"end":{"line":29,"column":null}},"26":{"start":{"line":30,"column":4},"end":{"line":30,"column":null}},"27":{"start":{"line":30,"column":16},"end":{"line":30,"column":null}},"28":{"start":{"line":32,"column":21},"end":{"line":32,"column":null}},"29":{"start":{"line":33,"column":4},"end":{"line":33,"column":null}},"30":{"start":{"line":34,"column":4},"end":{"line":34,"column":null}},"31":{"start":{"line":36,"column":4},"end":{"line":36,"column":null}},"32":{"start":{"line":40,"column":30},"end":{"line":57,"column":null}},"33":{"start":{"line":41,"column":2},"end":{"line":56,"column":null}},"34":{"start":{"line":42,"column":17},"end":{"line":42,"column":null}},"35":{"start":{"line":43,"column":20},"end":{"line":43,"column":null}},"36":{"start":{"line":44,"column":24},"end":{"line":44,"column":null}},"37":{"start":{"line":45,"column":17},"end":{"line":45,"column":null}},"38":{"start":{"line":47,"column":16},"end":{"line":47,"column":87}},"39":{"start":{"line":48,"column":19},"end":{"line":48,"column":null}},"40":{"start":{"line":49,"column":4},"end":{"line":49,"column":null}},"41":{"start":{"line":49,"column":16},"end":{"line":49,"column":null}},"42":{"start":{"line":51,"column":21},"end":{"line":51,"column":null}},"43":{"start":{"line":52,"column":4},"end":{"line":52,"column":null}},"44":{"start":{"line":53,"column":4},"end":{"line":53,"column":null}},"45":{"start":{"line":55,"column":4},"end":{"line":55,"column":null}},"46":{"start":{"line":59,"column":28},"end":{"line":80,"column":null}},"47":{"start":{"line":60,"column":2},"end":{"line":79,"column":null}},"48":{"start":{"line":61,"column":14},"end":{"line":61,"column":null}},"49":{"start":{"line":62,"column":4},"end":{"line":62,"column":null}},"50":{"start":{"line":62,"column":12},"end":{"line":62,"column":null}},"51":{"start":{"line":63,"column":17},"end":{"line":63,"column":null}},"52":{"start":{"line":65,"column":16},"end":{"line":65,"column":58}},"53":{"start":{"line":66,"column":19},"end":{"line":66,"column":null}},"54":{"start":{"line":67,"column":4},"end":{"line":67,"column":null}},"55":{"start":{"line":67,"column":16},"end":{"line":67,"column":null}},"56":{"start":{"line":69,"column":21},"end":{"line":73,"column":null}},"57":{"start":{"line":75,"column":4},"end":{"line":75,"column":null}},"58":{"start":{"line":76,"column":4},"end":{"line":76,"column":null}},"59":{"start":{"line":78,"column":4},"end":{"line":78,"column":null}}},"fnMap":{"0":{"name":"(anonymous_5)","decl":{"start":{"line":8,"column":28},"end":{"line":8,"column":35}},"loc":{"start":{"line":8,"column":49},"end":{"line":23,"column":null}}},"1":{"name":"(anonymous_6)","decl":{"start":{"line":25,"column":32},"end":{"line":25,"column":39}},"loc":{"start":{"line":25,"column":53},"end":{"line":38,"column":null}}},"2":{"name":"(anonymous_7)","decl":{"start":{"line":40,"column":30},"end":{"line":40,"column":37}},"loc":{"start":{"line":40,"column":51},"end":{"line":57,"column":null}}},"3":{"name":"(anonymous_8)","decl":{"start":{"line":59,"column":28},"end":{"line":59,"column":35}},"loc":{"start":{"line":59,"column":49},"end":{"line":80,"column":null}}}},"branchMap":{"0":{"loc":{"start":{"line":11,"column":4},"end":{"line":11,"column":null}},"type":"if","locations":[{"start":{"line":11,"column":4},"end":{"line":11,"column":null}},{"start":{},"end":{}}]},"1":{"loc":{"start":{"line":15,"column":4},"end":{"line":15,"column":null}},"type":"if","locations":[{"start":{"line":15,"column":4},"end":{"line":15,"column":null}},{"start":{},"end":{}}]},"2":{"loc":{"start":{"line":21,"column":15},"end":{"line":21,"column":45}},"type":"binary-expr","locations":[{"start":{"line":21,"column":15},"end":{"line":21,"column":40}},{"start":{"line":21,"column":40},"end":{"line":21,"column":45}}]},"3":{"loc":{"start":{"line":21,"column":59},"end":{"line":21,"column":99}},"type":"binary-expr","locations":[{"start":{"line":21,"column":59},"end":{"line":21,"column":75}},{"start":{"line":21,"column":75},"end":{"line":21,"column":99}}]},"4":{"loc":{"start":{"line":27,"column":24},"end":{"line":27,"column":null}},"type":"binary-expr","locations":[{"start":{"line":27,"column":24},"end":{"line":27,"column":38}},{"start":{"line":27,"column":42},"end":{"line":27,"column":null}}]},"5":{"loc":{"start":{"line":30,"column":4},"end":{"line":30,"column":null}},"type":"if","locations":[{"start":{"line":30,"column":4},"end":{"line":30,"column":null}},{"start":{},"end":{}}]},"6":{"loc":{"start":{"line":36,"column":15},"end":{"line":36,"column":45}},"type":"binary-expr","locations":[{"start":{"line":36,"column":15},"end":{"line":36,"column":40}},{"start":{"line":36,"column":40},"end":{"line":36,"column":45}}]},"7":{"loc":{"start":{"line":36,"column":59},"end":{"line":36,"column":101}},"type":"binary-expr","locations":[{"start":{"line":36,"column":59},"end":{"line":36,"column":75}},{"start":{"line":36,"column":75},"end":{"line":36,"column":101}}]},"8":{"loc":{"start":{"line":42,"column":24},"end":{"line":42,"column":null}},"type":"binary-expr","locations":[{"start":{"line":42,"column":24},"end":{"line":42,"column":38}},{"start":{"line":42,"column":42},"end":{"line":42,"column":null}}]},"9":{"loc":{"start":{"line":43,"column":27},"end":{"line":43,"column":null}},"type":"binary-expr","locations":[{"start":{"line":43,"column":27},"end":{"line":43,"column":44}},{"start":{"line":43,"column":48},"end":{"line":43,"column":null}}]},"10":{"loc":{"start":{"line":44,"column":24},"end":{"line":44,"column":null}},"type":"cond-expr","locations":[{"start":{"line":44,"column":68},"end":{"line":44,"column":89}},{"start":{"line":44,"column":92},"end":{"line":44,"column":null}}]},"11":{"loc":{"start":{"line":45,"column":17},"end":{"line":45,"column":null}},"type":"cond-expr","locations":[{"start":{"line":45,"column":34},"end":{"line":45,"column":59}},{"start":{"line":45,"column":59},"end":{"line":45,"column":null}}]},"12":{"loc":{"start":{"line":47,"column":54},"end":{"line":47,"column":72}},"type":"binary-expr","locations":[{"start":{"line":47,"column":54},"end":{"line":47,"column":69}},{"start":{"line":47,"column":69},"end":{"line":47,"column":72}}]},"13":{"loc":{"start":{"line":47,"column":75},"end":{"line":47,"column":87}},"type":"binary-expr","locations":[{"start":{"line":47,"column":75},"end":{"line":47,"column":83}},{"start":{"line":47,"column":83},"end":{"line":47,"column":87}}]},"14":{"loc":{"start":{"line":49,"column":4},"end":{"line":49,"column":null}},"type":"if","locations":[{"start":{"line":49,"column":4},"end":{"line":49,"column":null}},{"start":{},"end":{}}]},"15":{"loc":{"start":{"line":51,"column":88},"end":{"line":51,"column":108}},"type":"cond-expr","locations":[{"start":{"line":51,"column":95},"end":{"line":51,"column":106}},{"start":{"line":51,"column":106},"end":{"line":51,"column":108}}]},"16":{"loc":{"start":{"line":55,"column":15},"end":{"line":55,"column":45}},"type":"binary-expr","locations":[{"start":{"line":55,"column":15},"end":{"line":55,"column":40}},{"start":{"line":55,"column":40},"end":{"line":55,"column":45}}]},"17":{"loc":{"start":{"line":55,"column":59},"end":{"line":55,"column":96}},"type":"binary-expr","locations":[{"start":{"line":55,"column":59},"end":{"line":55,"column":75}},{"start":{"line":55,"column":75},"end":{"line":55,"column":96}}]},"18":{"loc":{"start":{"line":61,"column":21},"end":{"line":61,"column":40}},"type":"binary-expr","locations":[{"start":{"line":61,"column":21},"end":{"line":61,"column":32}},{"start":{"line":61,"column":36},"end":{"line":61,"column":40}}]},"19":{"loc":{"start":{"line":62,"column":4},"end":{"line":62,"column":null}},"type":"if","locations":[{"start":{"line":62,"column":4},"end":{"line":62,"column":null}},{"start":{},"end":{}}]},"20":{"loc":{"start":{"line":63,"column":24},"end":{"line":63,"column":null}},"type":"binary-expr","locations":[{"start":{"line":63,"column":24},"end":{"line":63,"column":38}},{"start":{"line":63,"column":42},"end":{"line":63,"column":null}}]},"21":{"loc":{"start":{"line":67,"column":4},"end":{"line":67,"column":null}},"type":"if","locations":[{"start":{"line":67,"column":4},"end":{"line":67,"column":null}},{"start":{},"end":{}}]},"22":{"loc":{"start":{"line":78,"column":15},"end":{"line":78,"column":45}},"type":"binary-expr","locations":[{"start":{"line":78,"column":15},"end":{"line":78,"column":40}},{"start":{"line":78,"column":40},"end":{"line":78,"column":45}}]},"23":{"loc":{"start":{"line":78,"column":59},"end":{"line":78,"column":94}},"type":"binary-expr","locations":[{"start":{"line":78,"column":59},"end":{"line":78,"column":75}},{"start":{"line":78,"column":75},"end":{"line":78,"column":94}}]}},"s":{"0":1,"1":3,"2":2,"3":2,"4":1,"5":1,"6":1,"7":1,"8":1,"9":3,"10":3,"11":3,"12":1,"13":2,"14":2,"15":2,"16":1,"17":1,"18":1,"19":1,"20":0,"21":1,"22":2,"23":2,"24":2,"25":2,"26":2,"27":1,"28":1,"29":1,"30":1,"31":0,"32":1,"33":1,"34":1,"35":1,"36":1,"37":1,"38":1,"39":1,"40":1,"41":0,"42":1,"43":1,"44":1,"45":0,"46":1,"47":2,"48":2,"49":2,"50":1,"51":1,"52":1,"53":1,"54":1,"55":0,"56":1,"57":1,"58":1,"59":0},"f":{"0":3,"1":2,"2":1,"3":2},"b":{"0":[1,2],"1":[1,1],"2":[0,0],"3":[0,0],"4":[2,0],"5":[1,1],"6":[0,0],"7":[0,0],"8":[1,0],"9":[1,0],"10":[1,0],"11":[1,0],"12":[1,0],"13":[1,0],"14":[0,1],"15":[1,0],"16":[0,0],"17":[0,0],"18":[2,0],"19":[1,1],"20":[1,0],"21":[0,1],"22":[0,0],"23":[0,0]}}
,"D:\\My Data\\Projects\\ShowTracker\\ShowTracker\\server\\src\\controllers\\people.controller.ts": {"path":"D:\\My Data\\Projects\\ShowTracker\\ShowTracker\\server\\src\\controllers\\people.controller.ts","statementMap":{"0":{"start":{"line":18,"column":22},"end":{"line":18,"column":32}},"1":{"start":{"line":5,"column":22},"end":{"line":5,"column":35}},"2":{"start":{"line":2,"column":23},"end":{"line":2,"column":null}},"3":{"start":{"line":3,"column":24},"end":{"line":3,"column":null}},"4":{"start":{"line":6,"column":2},"end":{"line":15,"column":null}},"5":{"start":{"line":7,"column":14},"end":{"line":7,"column":null}},"6":{"start":{"line":8,"column":17},"end":{"line":8,"column":null}},"7":{"start":{"line":9,"column":4},"end":{"line":9,"column":null}},"8":{"start":{"line":9,"column":12},"end":{"line":9,"column":null}},"9":{"start":{"line":11,"column":21},"end":{"line":11,"column":null}},"10":{"start":{"line":12,"column":4},"end":{"line":12,"column":null}},"11":{"start":{"line":14,"column":4},"end":{"line":14,"column":null}},"12":{"start":{"line":19,"column":2},"end":{"line":34,"column":null}},"13":{"start":{"line":20,"column":19},"end":{"line":20,"column":null}},"14":{"start":{"line":21,"column":4},"end":{"line":21,"column":null}},"15":{"start":{"line":21,"column":35},"end":{"line":21,"column":null}},"16":{"start":{"line":23,"column":21},"end":{"line":23,"column":null}},"17":{"start":{"line":25,"column":4},"end":{"line":29,"column":null}},"18":{"start":{"line":31,"column":4},"end":{"line":31,"column":null}},"19":{"start":{"line":33,"column":4},"end":{"line":33,"column":null}}},"fnMap":{"0":{"name":"searchPeople","decl":{"start":{"line":5,"column":22},"end":{"line":5,"column":35}},"loc":{"start":{"line":5,"column":62},"end":{"line":16,"column":null}}},"1":{"name":"getPerson","decl":{"start":{"line":18,"column":22},"end":{"line":18,"column":32}},"loc":{"start":{"line":18,"column":59},"end":{"line":35,"column":null}}}},"branchMap":{"0":{"loc":{"start":{"line":7,"column":21},"end":{"line":7,"column":40}},"type":"binary-expr","locations":[{"start":{"line":7,"column":21},"end":{"line":7,"column":32}},{"start":{"line":7,"column":36},"end":{"line":7,"column":40}}]},"1":{"loc":{"start":{"line":8,"column":24},"end":{"line":8,"column":null}},"type":"binary-expr","locations":[{"start":{"line":8,"column":24},"end":{"line":8,"column":38}},{"start":{"line":8,"column":42},"end":{"line":8,"column":null}}]},"2":{"loc":{"start":{"line":9,"column":4},"end":{"line":9,"column":null}},"type":"if","locations":[{"start":{"line":9,"column":4},"end":{"line":9,"column":null}},{"start":{},"end":{}}]},"3":{"loc":{"start":{"line":12,"column":29},"end":{"line":12,"column":47}},"type":"binary-expr","locations":[{"start":{"line":12,"column":29},"end":{"line":12,"column":41}},{"start":{"line":12,"column":45},"end":{"line":12,"column":47}}]},"4":{"loc":{"start":{"line":21,"column":4},"end":{"line":21,"column":null}},"type":"if","locations":[{"start":{"line":21,"column":4},"end":{"line":21,"column":null}},{"start":{},"end":{}}]},"5":{"loc":{"start":{"line":27,"column":46},"end":{"line":27,"column":72}},"type":"binary-expr","locations":[{"start":{"line":27,"column":46},"end":{"line":27,"column":63}},{"start":{"line":27,"column":67},"end":{"line":27,"column":72}}]},"6":{"loc":{"start":{"line":28,"column":54},"end":{"line":28,"column":80}},"type":"binary-expr","locations":[{"start":{"line":28,"column":54},"end":{"line":28,"column":71}},{"start":{"line":28,"column":75},"end":{"line":28,"column":80}}]}},"s":{"0":3,"1":3,"2":1,"3":1,"4":3,"5":3,"6":3,"7":3,"8":1,"9":2,"10":1,"11":1,"12":3,"13":3,"14":3,"15":1,"16":2,"17":1,"18":1,"19":1},"f":{"0":3,"1":3},"b":{"0":[3,0],"1":[3,2],"2":[1,2],"3":[1,0],"4":[1,2],"5":[1,0],"6":[1,0]}}
,"D:\\My Data\\Projects\\ShowTracker\\ShowTracker\\server\\src\\controllers\\person.controller.ts": {"path":"D:\\My Data\\Projects\\ShowTracker\\ShowTracker\\server\\src\\controllers\\person.controller.ts","statementMap":{"0":{"start":{"line":6,"column":21},"end":{"line":6,"column":null}},"1":{"start":{"line":8,"column":29},"end":{"line":26,"column":2}},"2":{"start":{"line":9,"column":2},"end":{"line":25,"column":null}},"3":{"start":{"line":10,"column":15},"end":{"line":10,"column":null}},"4":{"start":{"line":11,"column":4},"end":{"line":11,"column":null}},"5":{"start":{"line":11,"column":26},"end":{"line":11,"column":null}},"6":{"start":{"line":13,"column":21},"end":{"line":13,"column":35}},"7":{"start":{"line":14,"column":19},"end":{"line":14,"column":null}},"8":{"start":{"line":15,"column":4},"end":{"line":15,"column":null}},"9":{"start":{"line":15,"column":16},"end":{"line":15,"column":null}},"10":{"start":{"line":16,"column":21},"end":{"line":18,"column":null}},"11":{"start":{"line":19,"column":4},"end":{"line":19,"column":null}},"12":{"start":{"line":21,"column":4},"end":{"line":21,"column":null}},"13":{"start":{"line":22,"column":4},"end":{"line":22,"column":null}},"14":{"start":{"line":24,"column":4},"end":{"line":24,"column":null}},"15":{"start":{"line":29,"column":16},"end":{"line":40,"column":null}},"16":{"start":{"line":42,"column":23},"end":{"line":42,"column":58}},"17":{"start":{"line":44,"column":17},"end":{"line":44,"column":null}},"18":{"start":{"line":44,"column":34},"end":{"line":44,"column":66}},"19":{"start":{"line":45,"column":17},"end":{"line":45,"column":null}},"20":{"start":{"line":45,"column":34},"end":{"line":45,"column":63}},"21":{"start":{"line":47,"column":2},"end":{"line":50,"column":null}},"22":{"start":{"line":48,"column":23},"end":{"line":48,"column":null}},"23":{"start":{"line":49,"column":20},"end":{"line":49,"column":null}},"24":{"start":{"line":54,"column":17},"end":{"line":54,"column":null}},"25":{"start":{"line":55,"column":17},"end":{"line":55,"column":null}},"26":{"start":{"line":56,"column":22},"end":{"line":56,"column":null}},"27":{"start":{"line":57,"column":21},"end":{"line":57,"column":null}},"28":{"start":{"line":58,"column":23},"end":{"line":58,"column":null}},"29":{"start":{"line":59,"column":17},"end":{"line":59,"column":null}},"30":{"start":{"line":60,"column":20},"end":{"line":60,"column":null}},"31":{"start":{"line":61,"column":22},"end":{"line":61,"column":null}},"32":{"start":{"line":63,"column":2},"end":{"line":74,"column":null}},"33":{"start":{"line":64,"column":18},"end":{"line":68,"column":null}},"34":{"start":{"line":69,"column":4},"end":{"line":73,"column":null}},"35":{"start":{"line":78,"column":17},"end":{"line":78,"column":null}},"36":{"start":{"line":79,"column":17},"end":{"line":79,"column":null}},"37":{"start":{"line":80,"column":23},"end":{"line":80,"column":null}},"38":{"start":{"line":81,"column":21},"end":{"line":81,"column":null}},"39":{"start":{"line":82,"column":23},"end":{"line":82,"column":null}},"40":{"start":{"line":83,"column":17},"end":{"line":83,"column":null}},"41":{"start":{"line":84,"column":20},"end":{"line":84,"column":null}},"42":{"start":{"line":85,"column":22},"end":{"line":85,"column":null}},"43":{"start":{"line":87,"column":2},"end":{"line":98,"column":null}},"44":{"start":{"line":88,"column":15},"end":{"line":92,"column":null}},"45":{"start":{"line":93,"column":4},"end":{"line":97,"column":null}}},"fnMap":{"0":{"name":"(anonymous_0)","decl":{"start":{"line":8,"column":29},"end":{"line":8,"column":36}},"loc":{"start":{"line":8,"column":50},"end":{"line":26,"column":2}}},"1":{"name":"upsertActorAndLinks","decl":{"start":{"line":28,"column":15},"end":{"line":28,"column":35}},"loc":{"start":{"line":28,"column":46},"end":{"line":51,"column":null}}},"2":{"name":"(anonymous_2)","decl":{"start":{"line":44,"column":29},"end":{"line":44,"column":34}},"loc":{"start":{"line":44,"column":34},"end":{"line":44,"column":66}}},"3":{"name":"(anonymous_3)","decl":{"start":{"line":45,"column":29},"end":{"line":45,"column":34}},"loc":{"start":{"line":45,"column":34},"end":{"line":45,"column":63}}},"4":{"name":"(anonymous_4)","decl":{"start":{"line":48,"column":18},"end":{"line":48,"column":23}},"loc":{"start":{"line":48,"column":23},"end":{"line":48,"column":null}}},"5":{"name":"(anonymous_5)","decl":{"start":{"line":49,"column":15},"end":{"line":49,"column":20}},"loc":{"start":{"line":49,"column":20},"end":{"line":49,"column":null}}},"6":{"name":"upsertMovieAndLink","decl":{"start":{"line":53,"column":9},"end":{"line":53,"column":28}},"loc":{"start":{"line":53,"column":56},"end":{"line":75,"column":null}}},"7":{"name":"(anonymous_7)","decl":{"start":{"line":63,"column":29},"end":{"line":63,"column":36}},"loc":{"start":{"line":63,"column":36},"end":{"line":74,"column":null}}},"8":{"name":"upsertTvAndLink","decl":{"start":{"line":77,"column":9},"end":{"line":77,"column":25}},"loc":{"start":{"line":77,"column":53},"end":{"line":99,"column":null}}},"9":{"name":"(anonymous_9)","decl":{"start":{"line":87,"column":29},"end":{"line":87,"column":36}},"loc":{"start":{"line":87,"column":36},"end":{"line":98,"column":null}}}},"branchMap":{"0":{"loc":{"start":{"line":11,"column":4},"end":{"line":11,"column":null}},"type":"if","locations":[{"start":{"line":11,"column":4},"end":{"line":11,"column":null}},{"start":{},"end":{}}]},"1":{"loc":{"start":{"line":15,"column":4},"end":{"line":15,"column":null}},"type":"if","locations":[{"start":{"line":15,"column":4},"end":{"line":15,"column":null}},{"start":{},"end":{}}]},"2":{"loc":{"start":{"line":24,"column":15},"end":{"line":24,"column":45}},"type":"binary-expr","locations":[{"start":{"line":24,"column":15},"end":{"line":24,"column":40}},{"start":{"line":24,"column":40},"end":{"line":24,"column":45}}]},"3":{"loc":{"start":{"line":24,"column":59},"end":{"line":24,"column":100}},"type":"binary-expr","locations":[{"start":{"line":24,"column":59},"end":{"line":24,"column":75}},{"start":{"line":24,"column":75},"end":{"line":24,"column":100}}]},"4":{"loc":{"start":{"line":33,"column":19},"end":{"line":33,"column":null}},"type":"binary-expr","locations":[{"start":{"line":33,"column":19},"end":{"line":33,"column":30}},{"start":{"line":33,"column":34},"end":{"line":33,"column":null}}]},"5":{"loc":{"start":{"line":34,"column":19},"end":{"line":34,"column":null}},"type":"binary-expr","locations":[{"start":{"line":34,"column":19},"end":{"line":34,"column":38}},{"start":{"line":34,"column":42},"end":{"line":34,"column":null}}]},"6":{"loc":{"start":{"line":37,"column":19},"end":{"line":37,"column":null}},"type":"binary-expr","locations":[{"start":{"line":37,"column":19},"end":{"line":37,"column":30}},{"start":{"line":37,"column":34},"end":{"line":37,"column":null}}]},"7":{"loc":{"start":{"line":38,"column":19},"end":{"line":38,"column":null}},"type":"binary-expr","locations":[{"start":{"line":38,"column":19},"end":{"line":38,"column":38}},{"start":{"line":38,"column":42},"end":{"line":38,"column":null}}]},"8":{"loc":{"start":{"line":42,"column":23},"end":{"line":42,"column":58}},"type":"binary-expr","locations":[{"start":{"line":42,"column":23},"end":{"line":42,"column":56}},{"start":{"line":42,"column":56},"end":{"line":42,"column":58}}]},"9":{"loc":{"start":{"line":44,"column":34},"end":{"line":44,"column":66}},"type":"binary-expr","locations":[{"start":{"line":44,"column":34},"end":{"line":44,"column":62}},{"start":{"line":44,"column":62},"end":{"line":44,"column":66}}]},"10":{"loc":{"start":{"line":45,"column":34},"end":{"line":45,"column":63}},"type":"binary-expr","locations":[{"start":{"line":45,"column":34},"end":{"line":45,"column":59}},{"start":{"line":45,"column":59},"end":{"line":45,"column":63}}]},"11":{"loc":{"start":{"line":55,"column":24},"end":{"line":55,"column":null}},"type":"binary-expr","locations":[{"start":{"line":55,"column":24},"end":{"line":55,"column":36}},{"start":{"line":55,"column":40},"end":{"line":55,"column":61}},{"start":{"line":55,"column":65},"end":{"line":55,"column":null}}]},"12":{"loc":{"start":{"line":56,"column":22},"end":{"line":56,"column":null}},"type":"cond-expr","locations":[{"start":{"line":56,"column":44},"end":{"line":56,"column":76}},{"start":{"line":56,"column":76},"end":{"line":56,"column":null}}]},"13":{"loc":{"start":{"line":57,"column":21},"end":{"line":57,"column":null}},"type":"binary-expr","locations":[{"start":{"line":57,"column":21},"end":{"line":57,"column":39}},{"start":{"line":57,"column":43},"end":{"line":57,"column":null}}]},"14":{"loc":{"start":{"line":58,"column":23},"end":{"line":58,"column":null}},"type":"binary-expr","locations":[{"start":{"line":58,"column":23},"end":{"line":58,"column":43}},{"start":{"line":58,"column":47},"end":{"line":58,"column":null}}]},"15":{"loc":{"start":{"line":59,"column":17},"end":{"line":59,"column":null}},"type":"cond-expr","locations":[{"start":{"line":59,"column":59},"end":{"line":59,"column":78}},{"start":{"line":59,"column":81},"end":{"line":59,"column":null}}]},"16":{"loc":{"start":{"line":60,"column":20},"end":{"line":60,"column":null}},"type":"binary-expr","locations":[{"start":{"line":60,"column":20},"end":{"line":60,"column":36}},{"start":{"line":60,"column":40},"end":{"line":60,"column":null}}]},"17":{"loc":{"start":{"line":61,"column":22},"end":{"line":61,"column":null}},"type":"cond-expr","locations":[{"start":{"line":61,"column":55},"end":{"line":61,"column":67}},{"start":{"line":61,"column":70},"end":{"line":61,"column":null}}]},"18":{"loc":{"start":{"line":79,"column":24},"end":{"line":79,"column":null}},"type":"binary-expr","locations":[{"start":{"line":79,"column":24},"end":{"line":79,"column":35}},{"start":{"line":79,"column":39},"end":{"line":79,"column":59}},{"start":{"line":79,"column":63},"end":{"line":79,"column":null}}]},"19":{"loc":{"start":{"line":80,"column":23},"end":{"line":80,"column":null}},"type":"cond-expr","locations":[{"start":{"line":80,"column":47},"end":{"line":80,"column":81}},{"start":{"line":80,"column":81},"end":{"line":80,"column":null}}]},"20":{"loc":{"start":{"line":81,"column":21},"end":{"line":81,"column":null}},"type":"binary-expr","locations":[{"start":{"line":81,"column":21},"end":{"line":81,"column":39}},{"start":{"line":81,"column":43},"end":{"line":81,"column":null}}]},"21":{"loc":{"start":{"line":82,"column":23},"end":{"line":82,"column":null}},"type":"binary-expr","locations":[{"start":{"line":82,"column":23},"end":{"line":82,"column":43}},{"start":{"line":82,"column":47},"end":{"line":82,"column":null}}]},"22":{"loc":{"start":{"line":83,"column":17},"end":{"line":83,"column":null}},"type":"cond-expr","locations":[{"start":{"line":83,"column":59},"end":{"line":83,"column":78}},{"start":{"line":83,"column":81},"end":{"line":83,"column":null}}]},"23":{"loc":{"start":{"line":84,"column":20},"end":{"line":84,"column":null}},"type":"binary-expr","locations":[{"start":{"line":84,"column":20},"end":{"line":84,"column":37}},{"start":{"line":84,"column":41},"end":{"line":84,"column":74}},{"start":{"line":84,"column":74},"end":{"line":84,"column":null}}]},"24":{"loc":{"start":{"line":85,"column":22},"end":{"line":85,"column":null}},"type":"cond-expr","locations":[{"start":{"line":85,"column":55},"end":{"line":85,"column":67}},{"start":{"line":85,"column":70},"end":{"line":85,"column":null}}]}},"s":{"0":0,"1":0,"2":0,"3":0,"4":0,"5":0,"6":0,"7":0,"8":0,"9":0,"10":0,"11":0,"12":0,"13":0,"14":0,"15":0,"16":0,"17":0,"18":0,"19":0,"20":0,"21":0,"22":0,"23":0,"24":0,"25":0,"26":0,"27":0,"28":0,"29":0,"30":0,"31":0,"32":0,"33":0,"34":0,"35":0,"36":0,"37":0,"38":0,"39":0,"40":0,"41":0,"42":0,"43":0,"44":0,"45":0},"f":{"0":0,"1":0,"2":0,"3":0,"4":0,"5":0,"6":0,"7":0,"8":0,"9":0},"b":{"0":[0,0],"1":[0,0],"2":[0,0],"3":[0,0],"4":[0,0],"5":[0,0],"6":[0,0],"7":[0,0],"8":[0,0],"9":[0,0],"10":[0,0],"11":[0,0,0],"12":[0,0],"13":[0,0],"14":[0,0],"15":[0,0],"16":[0,0],"17":[0,0],"18":[0,0,0],"19":[0,0],"20":[0,0],"21":[0,0],"22":[0,0],"23":[0,0,0],"24":[0,0]}}
,"D:\\My Data\\Projects\\ShowTracker\\ShowTracker\\server\\src\\controllers\\trending.controller.ts": {"path":"D:\\My Data\\Projects\\ShowTracker\\ShowTracker\\server\\src\\controllers\\trending.controller.ts","statementMap":{"0":{"start":{"line":11,"column":22},"end":{"line":11,"column":34}},"1":{"start":{"line":39,"column":22},"end":{"line":39,"column":35}},"2":{"start":{"line":2,"column":23},"end":{"line":2,"column":null}},"3":{"start":{"line":3,"column":53},"end":{"line":3,"column":null}},"4":{"start":{"line":4,"column":38},"end":{"line":4,"column":null}},"5":{"start":{"line":6,"column":17},"end":{"line":6,"column":null}},"6":{"start":{"line":7,"column":18},"end":{"line":7,"column":null}},"7":{"start":{"line":8,"column":11},"end":{"line":8,"column":84}},"8":{"start":{"line":8,"column":38},"end":{"line":8,"column":84}},"9":{"start":{"line":9,"column":11},"end":{"line":9,"column":85}},"10":{"start":{"line":9,"column":39},"end":{"line":9,"column":85}},"11":{"start":{"line":12,"column":2},"end":{"line":36,"column":null}},"12":{"start":{"line":13,"column":22},"end":{"line":13,"column":null}},"13":{"start":{"line":14,"column":23},"end":{"line":14,"column":null}},"14":{"start":{"line":15,"column":18},"end":{"line":15,"column":null}},"15":{"start":{"line":17,"column":4},"end":{"line":18,"column":null}},"16":{"start":{"line":18,"column":6},"end":{"line":18,"column":null}},"17":{"start":{"line":20,"column":19},"end":{"line":24,"column":null}},"18":{"start":{"line":25,"column":4},"end":{"line":25,"column":null}},"19":{"start":{"line":25,"column":17},"end":{"line":25,"column":null}},"20":{"start":{"line":27,"column":18},"end":{"line":31,"column":null}},"21":{"start":{"line":33,"column":4},"end":{"line":33,"column":null}},"22":{"start":{"line":35,"column":4},"end":{"line":35,"column":null}},"23":{"start":{"line":40,"column":2},"end":{"line":65,"column":null}},"24":{"start":{"line":41,"column":22},"end":{"line":41,"column":null}},"25":{"start":{"line":42,"column":23},"end":{"line":42,"column":null}},"26":{"start":{"line":43,"column":4},"end":{"line":44,"column":null}},"27":{"start":{"line":44,"column":6},"end":{"line":44,"column":null}},"28":{"start":{"line":46,"column":21},"end":{"line":46,"column":null}},"29":{"start":{"line":47,"column":20},"end":{"line":47,"column":38}},"30":{"start":{"line":49,"column":16},"end":{"line":49,"column":null}},"31":{"start":{"line":50,"column":20},"end":{"line":58,"column":null}},"32":{"start":{"line":50,"column":56},"end":{"line":58,"column":null}},"33":{"start":{"line":60,"column":4},"end":{"line":60,"column":null}},"34":{"start":{"line":62,"column":4},"end":{"line":62,"column":null}},"35":{"start":{"line":64,"column":4},"end":{"line":64,"column":null}}},"fnMap":{"0":{"name":"(anonymous_3)","decl":{"start":{"line":8,"column":11},"end":{"line":8,"column":12}},"loc":{"start":{"line":8,"column":38},"end":{"line":8,"column":84}}},"1":{"name":"(anonymous_4)","decl":{"start":{"line":9,"column":11},"end":{"line":9,"column":12}},"loc":{"start":{"line":9,"column":39},"end":{"line":9,"column":85}}},"2":{"name":"getTrending","decl":{"start":{"line":11,"column":22},"end":{"line":11,"column":34}},"loc":{"start":{"line":11,"column":61},"end":{"line":37,"column":null}}},"3":{"name":"syncTrending","decl":{"start":{"line":39,"column":22},"end":{"line":39,"column":35}},"loc":{"start":{"line":39,"column":62},"end":{"line":66,"column":null}}},"4":{"name":"(anonymous_7)","decl":{"start":{"line":50,"column":45},"end":{"line":50,"column":46}},"loc":{"start":{"line":50,"column":56},"end":{"line":58,"column":null}}}},"branchMap":{"0":{"loc":{"start":{"line":8,"column":38},"end":{"line":8,"column":84}},"type":"cond-expr","locations":[{"start":{"line":8,"column":54},"end":{"line":8,"column":69}},{"start":{"line":8,"column":72},"end":{"line":8,"column":84}}]},"1":{"loc":{"start":{"line":9,"column":39},"end":{"line":9,"column":85}},"type":"cond-expr","locations":[{"start":{"line":9,"column":53},"end":{"line":9,"column":67}},{"start":{"line":9,"column":70},"end":{"line":9,"column":85}}]},"2":{"loc":{"start":{"line":13,"column":29},"end":{"line":13,"column":61}},"type":"binary-expr","locations":[{"start":{"line":13,"column":29},"end":{"line":13,"column":48}},{"start":{"line":13,"column":52},"end":{"line":13,"column":61}}]},"3":{"loc":{"start":{"line":14,"column":30},"end":{"line":14,"column":61}},"type":"binary-expr","locations":[{"start":{"line":14,"column":30},"end":{"line":14,"column":50}},{"start":{"line":14,"column":54},"end":{"line":14,"column":61}}]},"4":{"loc":{"start":{"line":15,"column":50},"end":{"line":15,"column":null}},"type":"binary-expr","locations":[{"start":{"line":15,"column":50},"end":{"line":15,"column":65}},{"start":{"line":15,"column":69},"end":{"line":15,"column":null}}]},"5":{"loc":{"start":{"line":17,"column":4},"end":{"line":18,"column":null}},"type":"if","locations":[{"start":{"line":17,"column":4},"end":{"line":18,"column":null}},{"start":{},"end":{}}]},"6":{"loc":{"start":{"line":17,"column":8},"end":{"line":17,"column":null}},"type":"binary-expr","locations":[{"start":{"line":17,"column":8},"end":{"line":17,"column":36}},{"start":{"line":17,"column":36},"end":{"line":17,"column":null}}]},"7":{"loc":{"start":{"line":25,"column":4},"end":{"line":25,"column":null}},"type":"if","locations":[{"start":{"line":25,"column":4},"end":{"line":25,"column":null}},{"start":{},"end":{}}]},"8":{"loc":{"start":{"line":41,"column":29},"end":{"line":41,"column":61}},"type":"binary-expr","locations":[{"start":{"line":41,"column":29},"end":{"line":41,"column":48}},{"start":{"line":41,"column":52},"end":{"line":41,"column":61}}]},"9":{"loc":{"start":{"line":42,"column":30},"end":{"line":42,"column":61}},"type":"binary-expr","locations":[{"start":{"line":42,"column":30},"end":{"line":42,"column":50}},{"start":{"line":42,"column":54},"end":{"line":42,"column":61}}]},"10":{"loc":{"start":{"line":43,"column":4},"end":{"line":44,"column":null}},"type":"if","locations":[{"start":{"line":43,"column":4},"end":{"line":44,"column":null}},{"start":{},"end":{}}]},"11":{"loc":{"start":{"line":43,"column":8},"end":{"line":43,"column":null}},"type":"binary-expr","locations":[{"start":{"line":43,"column":8},"end":{"line":43,"column":36}},{"start":{"line":43,"column":36},"end":{"line":43,"column":null}}]},"12":{"loc":{"start":{"line":47,"column":20},"end":{"line":47,"column":38}},"type":"binary-expr","locations":[{"start":{"line":47,"column":20},"end":{"line":47,"column":32}},{"start":{"line":47,"column":36},"end":{"line":47,"column":38}}]},"13":{"loc":{"start":{"line":56,"column":13},"end":{"line":56,"column":95}},"type":"cond-expr","locations":[{"start":{"line":56,"column":38},"end":{"line":56,"column":65}},{"start":{"line":56,"column":70},"end":{"line":56,"column":95}}]},"14":{"loc":{"start":{"line":56,"column":38},"end":{"line":56,"column":65}},"type":"binary-expr","locations":[{"start":{"line":56,"column":38},"end":{"line":56,"column":45}},{"start":{"line":56,"column":49},"end":{"line":56,"column":65}}]},"15":{"loc":{"start":{"line":56,"column":70},"end":{"line":56,"column":95}},"type":"binary-expr","locations":[{"start":{"line":56,"column":70},"end":{"line":56,"column":76}},{"start":{"line":56,"column":80},"end":{"line":56,"column":95}}]},"16":{"loc":{"start":{"line":57,"column":18},"end":{"line":57,"column":null}},"type":"binary-expr","locations":[{"start":{"line":57,"column":18},"end":{"line":57,"column":31}},{"start":{"line":57,"column":35},"end":{"line":57,"column":null}}]}},"s":{"0":5,"1":4,"2":1,"3":1,"4":1,"5":1,"6":1,"7":1,"8":58,"9":1,"10":58,"11":5,"12":5,"13":5,"14":5,"15":5,"16":1,"17":4,"18":3,"19":1,"20":2,"21":2,"22":1,"23":4,"24":4,"25":4,"26":4,"27":1,"28":3,"29":2,"30":2,"31":2,"32":52,"33":2,"34":2,"35":1},"f":{"0":58,"1":58,"2":5,"3":4,"4":52},"b":{"0":[6,52],"1":[6,52],"2":[5,0],"3":[5,0],"4":[5,3],"5":[1,4],"6":[5,4],"7":[1,2],"8":[4,0],"9":[4,0],"10":[1,3],"11":[4,3],"12":[2,0],"13":[2,50],"14":[2,1],"15":[50,49],"16":[52,26]}}
,"D:\\My Data\\Projects\\ShowTracker\\ShowTracker\\server\\src\\controllers\\tv.controller.ts": {"path":"D:\\My Data\\Projects\\ShowTracker\\ShowTracker\\server\\src\\controllers\\tv.controller.ts","statementMap":{"0":{"start":{"line":5,"column":18},"end":{"line":5,"column":null}},"1":{"start":{"line":6,"column":16},"end":{"line":6,"column":null}},"2":{"start":{"line":9,"column":25},"end":{"line":24,"column":2}},"3":{"start":{"line":10,"column":2},"end":{"line":23,"column":null}},"4":{"start":{"line":11,"column":15},"end":{"line":11,"column":null}},"5":{"start":{"line":12,"column":4},"end":{"line":12,"column":null}},"6":{"start":{"line":12,"column":26},"end":{"line":12,"column":null}},"7":{"start":{"line":14,"column":16},"end":{"line":14,"column":26}},"8":{"start":{"line":15,"column":19},"end":{"line":15,"column":null}},"9":{"start":{"line":16,"column":4},"end":{"line":16,"column":null}},"10":{"start":{"line":16,"column":16},"end":{"line":16,"column":null}},"11":{"start":{"line":18,"column":21},"end":{"line":18,"column":null}},"12":{"start":{"line":19,"column":4},"end":{"line":19,"column":null}},"13":{"start":{"line":20,"column":4},"end":{"line":20,"column":null}},"14":{"start":{"line":22,"column":4},"end":{"line":22,"column":null}},"15":{"start":{"line":27,"column":28},"end":{"line":40,"column":2}},"16":{"start":{"line":28,"column":2},"end":{"line":39,"column":null}},"17":{"start":{"line":29,"column":17},"end":{"line":29,"column":null}},"18":{"start":{"line":30,"column":16},"end":{"line":30,"column":36}},"19":{"start":{"line":31,"column":19},"end":{"line":31,"column":null}},"20":{"start":{"line":32,"column":4},"end":{"line":32,"column":null}},"21":{"start":{"line":32,"column":16},"end":{"line":32,"column":null}},"22":{"start":{"line":34,"column":21},"end":{"line":34,"column":null}},"23":{"start":{"line":35,"column":4},"end":{"line":35,"column":null}},"24":{"start":{"line":36,"column":4},"end":{"line":36,"column":null}},"25":{"start":{"line":38,"column":4},"end":{"line":38,"column":null}},"26":{"start":{"line":43,"column":26},"end":{"line":66,"column":2}},"27":{"start":{"line":44,"column":2},"end":{"line":65,"column":null}},"28":{"start":{"line":45,"column":17},"end":{"line":45,"column":null}},"29":{"start":{"line":46,"column":20},"end":{"line":46,"column":null}},"30":{"start":{"line":47,"column":24},"end":{"line":47,"column":103}},"31":{"start":{"line":48,"column":32},"end":{"line":48,"column":null}},"32":{"start":{"line":50,"column":16},"end":{"line":50,"column":98}},"33":{"start":{"line":51,"column":19},"end":{"line":51,"column":null}},"34":{"start":{"line":52,"column":4},"end":{"line":52,"column":null}},"35":{"start":{"line":52,"column":16},"end":{"line":52,"column":null}},"36":{"start":{"line":54,"column":21},"end":{"line":59,"column":null}},"37":{"start":{"line":61,"column":4},"end":{"line":61,"column":null}},"38":{"start":{"line":62,"column":4},"end":{"line":62,"column":null}},"39":{"start":{"line":64,"column":4},"end":{"line":64,"column":null}}},"fnMap":{"0":{"name":"(anonymous_0)","decl":{"start":{"line":9,"column":25},"end":{"line":9,"column":32}},"loc":{"start":{"line":9,"column":46},"end":{"line":24,"column":2}}},"1":{"name":"(anonymous_1)","decl":{"start":{"line":27,"column":28},"end":{"line":27,"column":35}},"loc":{"start":{"line":27,"column":49},"end":{"line":40,"column":2}}},"2":{"name":"(anonymous_2)","decl":{"start":{"line":43,"column":26},"end":{"line":43,"column":33}},"loc":{"start":{"line":43,"column":47},"end":{"line":66,"column":2}}}},"branchMap":{"0":{"loc":{"start":{"line":12,"column":4},"end":{"line":12,"column":null}},"type":"if","locations":[{"start":{"line":12,"column":4},"end":{"line":12,"column":null}},{"start":{},"end":{}}]},"1":{"loc":{"start":{"line":16,"column":4},"end":{"line":16,"column":null}},"type":"if","locations":[{"start":{"line":16,"column":4},"end":{"line":16,"column":null}},{"start":{},"end":{}}]},"2":{"loc":{"start":{"line":22,"column":15},"end":{"line":22,"column":45}},"type":"binary-expr","locations":[{"start":{"line":22,"column":15},"end":{"line":22,"column":40}},{"start":{"line":22,"column":40},"end":{"line":22,"column":45}}]},"3":{"loc":{"start":{"line":22,"column":59},"end":{"line":22,"column":101}},"type":"binary-expr","locations":[{"start":{"line":22,"column":59},"end":{"line":22,"column":75}},{"start":{"line":22,"column":75},"end":{"line":22,"column":101}}]},"4":{"loc":{"start":{"line":29,"column":24},"end":{"line":29,"column":null}},"type":"binary-expr","locations":[{"start":{"line":29,"column":24},"end":{"line":29,"column":38}},{"start":{"line":29,"column":42},"end":{"line":29,"column":null}}]},"5":{"loc":{"start":{"line":32,"column":4},"end":{"line":32,"column":null}},"type":"if","locations":[{"start":{"line":32,"column":4},"end":{"line":32,"column":null}},{"start":{},"end":{}}]},"6":{"loc":{"start":{"line":38,"column":15},"end":{"line":38,"column":45}},"type":"binary-expr","locations":[{"start":{"line":38,"column":15},"end":{"line":38,"column":40}},{"start":{"line":38,"column":40},"end":{"line":38,"column":45}}]},"7":{"loc":{"start":{"line":38,"column":59},"end":{"line":38,"column":104}},"type":"binary-expr","locations":[{"start":{"line":38,"column":59},"end":{"line":38,"column":75}},{"start":{"line":38,"column":75},"end":{"line":38,"column":104}}]},"8":{"loc":{"start":{"line":45,"column":24},"end":{"line":45,"column":null}},"type":"binary-expr","locations":[{"start":{"line":45,"column":24},"end":{"line":45,"column":38}},{"start":{"line":45,"column":42},"end":{"line":45,"column":null}}]},"9":{"loc":{"start":{"line":46,"column":27},"end":{"line":46,"column":null}},"type":"binary-expr","locations":[{"start":{"line":46,"column":27},"end":{"line":46,"column":44}},{"start":{"line":46,"column":48},"end":{"line":46,"column":null}}]},"10":{"loc":{"start":{"line":47,"column":24},"end":{"line":47,"column":103}},"type":"cond-expr","locations":[{"start":{"line":47,"column":68},"end":{"line":47,"column":89}},{"start":{"line":47,"column":92},"end":{"line":47,"column":103}}]},"11":{"loc":{"start":{"line":48,"column":32},"end":{"line":48,"column":null}},"type":"cond-expr","locations":[{"start":{"line":48,"column":64},"end":{"line":48,"column":104}},{"start":{"line":48,"column":104},"end":{"line":48,"column":null}}]},"12":{"loc":{"start":{"line":50,"column":50},"end":{"line":50,"column":68}},"type":"binary-expr","locations":[{"start":{"line":50,"column":50},"end":{"line":50,"column":65}},{"start":{"line":50,"column":65},"end":{"line":50,"column":68}}]},"13":{"loc":{"start":{"line":50,"column":71},"end":{"line":50,"column":98}},"type":"binary-expr","locations":[{"start":{"line":50,"column":71},"end":{"line":50,"column":94}},{"start":{"line":50,"column":94},"end":{"line":50,"column":98}}]},"14":{"loc":{"start":{"line":52,"column":4},"end":{"line":52,"column":null}},"type":"if","locations":[{"start":{"line":52,"column":4},"end":{"line":52,"column":null}},{"start":{},"end":{}}]},"15":{"loc":{"start":{"line":58,"column":10},"end":{"line":58,"column":60}},"type":"cond-expr","locations":[{"start":{"line":58,"column":32},"end":{"line":58,"column":58}},{"start":{"line":58,"column":58},"end":{"line":58,"column":60}}]},"16":{"loc":{"start":{"line":64,"column":15},"end":{"line":64,"column":45}},"type":"binary-expr","locations":[{"start":{"line":64,"column":15},"end":{"line":64,"column":40}},{"start":{"line":64,"column":40},"end":{"line":64,"column":45}}]},"17":{"loc":{"start":{"line":64,"column":59},"end":{"line":64,"column":99}},"type":"binary-expr","locations":[{"start":{"line":64,"column":59},"end":{"line":64,"column":75}},{"start":{"line":64,"column":75},"end":{"line":64,"column":99}}]}},"s":{"0":0,"1":0,"2":0,"3":0,"4":0,"5":0,"6":0,"7":0,"8":0,"9":0,"10":0,"11":0,"12":0,"13":0,"14":0,"15":0,"16":0,"17":0,"18":0,"19":0,"20":0,"21":0,"22":0,"23":0,"24":0,"25":0,"26":0,"27":0,"28":0,"29":0,"30":0,"31":0,"32":0,"33":0,"34":0,"35":0,"36":0,"37":0,"38":0,"39":0},"f":{"0":0,"1":0,"2":0},"b":{"0":[0,0],"1":[0,0],"2":[0,0],"3":[0,0],"4":[0,0],"5":[0,0],"6":[0,0],"7":[0,0],"8":[0,0],"9":[0,0],"10":[0,0],"11":[0,0],"12":[0,0],"13":[0,0],"14":[0,0],"15":[0,0],"16":[0,0],"17":[0,0]}}
,"D:\\My Data\\Projects\\ShowTracker\\ShowTracker\\server\\src\\controllers\\watchlist.controller.ts": {"path":"D:\\My Data\\Projects\\ShowTracker\\ShowTracker\\server\\src\\controllers\\watchlist.controller.ts","statementMap":{"0":{"start":{"line":9,"column":22},"end":{"line":9,"column":31}},"1":{"start":{"line":57,"column":22},"end":{"line":57,"column":32}},"2":{"start":{"line":39,"column":22},"end":{"line":39,"column":34}},"3":{"start":{"line":2,"column":23},"end":{"line":2,"column":null}},"4":{"start":{"line":3,"column":24},"end":{"line":3,"column":null}},"5":{"start":{"line":4,"column":26},"end":{"line":4,"column":null}},"6":{"start":{"line":6,"column":21},"end":{"line":6,"column":null}},"7":{"start":{"line":7,"column":16},"end":{"line":7,"column":78}},"8":{"start":{"line":7,"column":32},"end":{"line":7,"column":78}},"9":{"start":{"line":10,"column":2},"end":{"line":36,"column":null}},"10":{"start":{"line":11,"column":19},"end":{"line":11,"column":null}},"11":{"start":{"line":12,"column":22},"end":{"line":12,"column":null}},"12":{"start":{"line":13,"column":19},"end":{"line":13,"column":null}},"13":{"start":{"line":14,"column":4},"end":{"line":14,"column":null}},"14":{"start":{"line":14,"column":38},"end":{"line":14,"column":null}},"15":{"start":{"line":15,"column":4},"end":{"line":15,"column":null}},"16":{"start":{"line":15,"column":38},"end":{"line":15,"column":null}},"17":{"start":{"line":19,"column":4},"end":{"line":25,"column":null}},"18":{"start":{"line":20,"column":23},"end":{"line":20,"column":null}},"19":{"start":{"line":21,"column":6},"end":{"line":21,"column":26}},"20":{"start":{"line":21,"column":26},"end":{"line":21,"column":null}},"21":{"start":{"line":23,"column":23},"end":{"line":23,"column":null}},"22":{"start":{"line":24,"column":6},"end":{"line":24,"column":25}},"23":{"start":{"line":24,"column":25},"end":{"line":24,"column":null}},"24":{"start":{"line":27,"column":4},"end":{"line":31,"column":null}},"25":{"start":{"line":33,"column":4},"end":{"line":33,"column":null}},"26":{"start":{"line":35,"column":4},"end":{"line":35,"column":null}},"27":{"start":{"line":40,"column":2},"end":{"line":54,"column":null}},"28":{"start":{"line":41,"column":19},"end":{"line":41,"column":null}},"29":{"start":{"line":42,"column":22},"end":{"line":42,"column":null}},"30":{"start":{"line":43,"column":19},"end":{"line":43,"column":null}},"31":{"start":{"line":44,"column":4},"end":{"line":44,"column":null}},"32":{"start":{"line":44,"column":38},"end":{"line":44,"column":null}},"33":{"start":{"line":45,"column":4},"end":{"line":45,"column":null}},"34":{"start":{"line":45,"column":38},"end":{"line":45,"column":null}},"35":{"start":{"line":47,"column":4},"end":{"line":49,"column":null}},"36":{"start":{"line":51,"column":4},"end":{"line":51,"column":null}},"37":{"start":{"line":53,"column":4},"end":{"line":53,"column":null}},"38":{"start":{"line":58,"column":2},"end":{"line":79,"column":null}},"39":{"start":{"line":59,"column":19},"end":{"line":59,"column":null}},"40":{"start":{"line":60,"column":22},"end":{"line":60,"column":null}},"41":{"start":{"line":61,"column":4},"end":{"line":61,"column":null}},"42":{"start":{"line":61,"column":38},"end":{"line":61,"column":null}},"43":{"start":{"line":63,"column":17},"end":{"line":63,"column":null}},"44":{"start":{"line":64,"column":17},"end":{"line":67,"column":null}},"45":{"start":{"line":69,"column":4},"end":{"line":69,"column":null}},"46":{"start":{"line":69,"column":15},"end":{"line":69,"column":null}},"47":{"start":{"line":71,"column":20},"end":{"line":74,"column":null}},"48":{"start":{"line":72,"column":19},"end":{"line":72,"column":83}},"49":{"start":{"line":73,"column":6},"end":{"line":73,"column":null}},"50":{"start":{"line":76,"column":4},"end":{"line":76,"column":null}},"51":{"start":{"line":78,"column":4},"end":{"line":78,"column":null}}},"fnMap":{"0":{"name":"(anonymous_4)","decl":{"start":{"line":7,"column":16},"end":{"line":7,"column":17}},"loc":{"start":{"line":7,"column":32},"end":{"line":7,"column":78}}},"1":{"name":"addWatch","decl":{"start":{"line":9,"column":22},"end":{"line":9,"column":31}},"loc":{"start":{"line":9,"column":58},"end":{"line":37,"column":null}}},"2":{"name":"removeWatch","decl":{"start":{"line":39,"column":22},"end":{"line":39,"column":34}},"loc":{"start":{"line":39,"column":61},"end":{"line":55,"column":null}}},"3":{"name":"listWatch","decl":{"start":{"line":57,"column":22},"end":{"line":57,"column":32}},"loc":{"start":{"line":57,"column":59},"end":{"line":80,"column":null}}},"4":{"name":"(anonymous_8)","decl":{"start":{"line":71,"column":47},"end":{"line":71,"column":53}},"loc":{"start":{"line":71,"column":53},"end":{"line":74,"column":null}}}},"branchMap":{"0":{"loc":{"start":{"line":7,"column":32},"end":{"line":7,"column":78}},"type":"cond-expr","locations":[{"start":{"line":7,"column":48},"end":{"line":7,"column":63}},{"start":{"line":7,"column":66},"end":{"line":7,"column":78}}]},"1":{"loc":{"start":{"line":14,"column":4},"end":{"line":14,"column":null}},"type":"if","locations":[{"start":{"line":14,"column":4},"end":{"line":14,"column":null}},{"start":{},"end":{}}]},"2":{"loc":{"start":{"line":15,"column":4},"end":{"line":15,"column":null}},"type":"if","locations":[{"start":{"line":15,"column":4},"end":{"line":15,"column":null}},{"start":{},"end":{}}]},"3":{"loc":{"start":{"line":19,"column":4},"end":{"line":25,"column":null}},"type":"if","locations":[{"start":{"line":19,"column":4},"end":{"line":25,"column":null}},{"start":{"line":22,"column":11},"end":{"line":25,"column":null}}]},"4":{"loc":{"start":{"line":21,"column":39},"end":{"line":21,"column":null}},"type":"binary-expr","locations":[{"start":{"line":21,"column":39},"end":{"line":21,"column":55}},{"start":{"line":21,"column":59},"end":{"line":21,"column":null}}]},"5":{"loc":{"start":{"line":24,"column":38},"end":{"line":24,"column":null}},"type":"binary-expr","locations":[{"start":{"line":24,"column":38},"end":{"line":24,"column":54}},{"start":{"line":24,"column":58},"end":{"line":24,"column":null}}]},"6":{"loc":{"start":{"line":44,"column":4},"end":{"line":44,"column":null}},"type":"if","locations":[{"start":{"line":44,"column":4},"end":{"line":44,"column":null}},{"start":{},"end":{}}]},"7":{"loc":{"start":{"line":45,"column":4},"end":{"line":45,"column":null}},"type":"if","locations":[{"start":{"line":45,"column":4},"end":{"line":45,"column":null}},{"start":{},"end":{}}]},"8":{"loc":{"start":{"line":61,"column":4},"end":{"line":61,"column":null}},"type":"if","locations":[{"start":{"line":61,"column":4},"end":{"line":61,"column":null}},{"start":{},"end":{}}]},"9":{"loc":{"start":{"line":69,"column":4},"end":{"line":69,"column":null}},"type":"if","locations":[{"start":{"line":69,"column":4},"end":{"line":69,"column":null}},{"start":{},"end":{}}]},"10":{"loc":{"start":{"line":72,"column":19},"end":{"line":72,"column":83}},"type":"cond-expr","locations":[{"start":{"line":72,"column":43},"end":{"line":72,"column":63}},{"start":{"line":72,"column":66},"end":{"line":72,"column":83}}]}},"s":{"0":5,"1":5,"2":4,"3":1,"4":1,"5":1,"6":1,"7":1,"8":10,"9":5,"10":5,"11":5,"12":5,"13":5,"14":1,"15":4,"16":1,"17":3,"18":2,"19":1,"20":1,"21":1,"22":1,"23":1,"24":2,"25":2,"26":1,"27":4,"28":4,"29":4,"30":4,"31":4,"32":1,"33":3,"34":1,"35":2,"36":1,"37":1,"38":5,"39":5,"40":5,"41":5,"42":1,"43":4,"44":4,"45":3,"46":1,"47":2,"48":3,"49":3,"50":2,"51":1},"f":{"0":10,"1":5,"2":4,"3":5,"4":3},"b":{"0":[6,4],"1":[1,4],"2":[1,3],"3":[2,1],"4":[1,0],"5":[1,0],"6":[1,3],"7":[1,2],"8":[1,4],"9":[1,2],"10":[2,1]}}
,"D:\\My Data\\Projects\\ShowTracker\\ShowTracker\\server\\src\\dto\\actor.dto.ts": {"path":"D:\\My Data\\Projects\\ShowTracker\\ShowTracker\\server\\src\\dto\\actor.dto.ts","statementMap":{"0":{"start":{"line":3,"column":30},"end":{"line":7,"column":12}}},"fnMap":{},"branchMap":{},"s":{"0":0},"f":{},"b":{}}
,"D:\\My Data\\Projects\\ShowTracker\\ShowTracker\\server\\src\\dto\\common.ts": {"path":"D:\\My Data\\Projects\\ShowTracker\\ShowTracker\\server\\src\\dto\\common.ts","statementMap":{"0":{"start":{"line":3,"column":25},"end":{"line":3,"column":49}},"1":{"start":{"line":6,"column":26},"end":{"line":6,"column":50}}},"fnMap":{},"branchMap":{},"s":{"0":0,"1":0},"f":{},"b":{}}
,"D:\\My Data\\Projects\\ShowTracker\\ShowTracker\\server\\src\\dto\\favorite.dto.ts": {"path":"D:\\My Data\\Projects\\ShowTracker\\ShowTracker\\server\\src\\dto\\favorite.dto.ts","statementMap":{"0":{"start":{"line":4,"column":30},"end":{"line":9,"column":12}}},"fnMap":{},"branchMap":{},"s":{"0":0},"f":{},"b":{}}
,"D:\\My Data\\Projects\\ShowTracker\\ShowTracker\\server\\src\\dto\\genre.dto.ts": {"path":"D:\\My Data\\Projects\\ShowTracker\\ShowTracker\\server\\src\\dto\\genre.dto.ts","statementMap":{"0":{"start":{"line":3,"column":30},"end":{"line":6,"column":12}}},"fnMap":{},"branchMap":{},"s":{"0":0},"f":{},"b":{}}
,"D:\\My Data\\Projects\\ShowTracker\\ShowTracker\\server\\src\\dto\\movie-actor.dto.ts": {"path":"D:\\My Data\\Projects\\ShowTracker\\ShowTracker\\server\\src\\dto\\movie-actor.dto.ts","statementMap":{"0":{"start":{"line":3,"column":33},"end":{"line":8,"column":12}}},"fnMap":{},"branchMap":{},"s":{"0":0},"f":{},"b":{}}
,"D:\\My Data\\Projects\\ShowTracker\\ShowTracker\\server\\src\\dto\\movie-genre.dto.ts": {"path":"D:\\My Data\\Projects\\ShowTracker\\ShowTracker\\server\\src\\dto\\movie-genre.dto.ts","statementMap":{"0":{"start":{"line":3,"column":33},"end":{"line":6,"column":12}}},"fnMap":{},"branchMap":{},"s":{"0":0},"f":{},"b":{}}
,"D:\\My Data\\Projects\\ShowTracker\\ShowTracker\\server\\src\\dto\\movie.dto.ts": {"path":"D:\\My Data\\Projects\\ShowTracker\\ShowTracker\\server\\src\\dto\\movie.dto.ts","statementMap":{"0":{"start":{"line":3,"column":30},"end":{"line":11,"column":12}}},"fnMap":{},"branchMap":{},"s":{"0":0},"f":{},"b":{}}
,"D:\\My Data\\Projects\\ShowTracker\\ShowTracker\\server\\src\\dto\\pagination.dto.ts": {"path":"D:\\My Data\\Projects\\ShowTracker\\ShowTracker\\server\\src\\dto\\pagination.dto.ts","statementMap":{"0":{"start":{"line":3,"column":31},"end":{"line":6,"column":13}}},"fnMap":{},"branchMap":{},"s":{"0":0},"f":{},"b":{}}
,"D:\\My Data\\Projects\\ShowTracker\\ShowTracker\\server\\src\\dto\\params.dto.ts": {"path":"D:\\My Data\\Projects\\ShowTracker\\ShowTracker\\server\\src\\dto\\params.dto.ts","statementMap":{"0":{"start":{"line":4,"column":27},"end":{"line":4,"column":87}},"1":{"start":{"line":7,"column":25},"end":{"line":7,"column":61}},"2":{"start":{"line":10,"column":30},"end":{"line":10,"column":82}},"3":{"start":{"line":13,"column":29},"end":{"line":16,"column":3}}},"fnMap":{},"branchMap":{},"s":{"0":0,"1":0,"2":0,"3":0},"f":{},"b":{}}
,"D:\\My Data\\Projects\\ShowTracker\\ShowTracker\\server\\src\\dto\\search-history.dto.ts": {"path":"D:\\My Data\\Projects\\ShowTracker\\ShowTracker\\server\\src\\dto\\search-history.dto.ts","statementMap":{"0":{"start":{"line":3,"column":28},"end":{"line":6,"column":12}}},"fnMap":{},"branchMap":{},"s":{"0":0},"f":{},"b":{}}
,"D:\\My Data\\Projects\\ShowTracker\\ShowTracker\\server\\src\\dto\\trending.dto.ts": {"path":"D:\\My Data\\Projects\\ShowTracker\\ShowTracker\\server\\src\\dto\\trending.dto.ts","statementMap":{"0":{"start":{"line":4,"column":33},"end":{"line":11,"column":12}}},"fnMap":{},"branchMap":{},"s":{"0":0},"f":{},"b":{}}
,"D:\\My Data\\Projects\\ShowTracker\\ShowTracker\\server\\src\\dto\\tvshow-actor.dto.ts": {"path":"D:\\My Data\\Projects\\ShowTracker\\ShowTracker\\server\\src\\dto\\tvshow-actor.dto.ts","statementMap":{"0":{"start":{"line":3,"column":34},"end":{"line":8,"column":12}}},"fnMap":{},"branchMap":{},"s":{"0":0},"f":{},"b":{}}
,"D:\\My Data\\Projects\\ShowTracker\\ShowTracker\\server\\src\\dto\\tvshow-genre.dto.ts": {"path":"D:\\My Data\\Projects\\ShowTracker\\ShowTracker\\server\\src\\dto\\tvshow-genre.dto.ts","statementMap":{"0":{"start":{"line":3,"column":34},"end":{"line":6,"column":12}}},"fnMap":{},"branchMap":{},"s":{"0":0},"f":{},"b":{}}
,"D:\\My Data\\Projects\\ShowTracker\\ShowTracker\\server\\src\\dto\\tvshow.dto.ts": {"path":"D:\\My Data\\Projects\\ShowTracker\\ShowTracker\\server\\src\\dto\\tvshow.dto.ts","statementMap":{"0":{"start":{"line":3,"column":31},"end":{"line":11,"column":12}}},"fnMap":{},"branchMap":{},"s":{"0":0},"f":{},"b":{}}
,"D:\\My Data\\Projects\\ShowTracker\\ShowTracker\\server\\src\\dto\\user.dto.ts": {"path":"D:\\My Data\\Projects\\ShowTracker\\ShowTracker\\server\\src\\dto\\user.dto.ts","statementMap":{"0":{"start":{"line":3,"column":29},"end":{"line":6,"column":12}}},"fnMap":{},"branchMap":{},"s":{"0":0},"f":{},"b":{}}
,"D:\\My Data\\Projects\\ShowTracker\\ShowTracker\\server\\src\\dto\\watchlist.dto.ts": {"path":"D:\\My Data\\Projects\\ShowTracker\\ShowTracker\\server\\src\\dto\\watchlist.dto.ts","statementMap":{"0":{"start":{"line":4,"column":31},"end":{"line":11,"column":12}},"1":{"start":{"line":14,"column":36},"end":{"line":16,"column":12}}},"fnMap":{},"branchMap":{},"s":{"0":0,"1":0},"f":{},"b":{}}
,"D:\\My Data\\Projects\\ShowTracker\\ShowTracker\\server\\src\\lib\\prisma.ts": {"path":"D:\\My Data\\Projects\\ShowTracker\\ShowTracker\\server\\src\\lib\\prisma.ts","statementMap":{"0":{"start":{"line":2,"column":22},"end":{"line":2,"column":41}}},"fnMap":{},"branchMap":{},"s":{"0":0},"f":{},"b":{}}
,"D:\\My Data\\Projects\\ShowTracker\\ShowTracker\\server\\src\\lib\\redis.ts": {"path":"D:\\My Data\\Projects\\ShowTracker\\ShowTracker\\server\\src\\lib\\redis.ts","statementMap":{"0":{"start":{"line":4,"column":12},"end":{"line":4,"column":null}},"1":{"start":{"line":7,"column":21},"end":{"line":11,"column":3}},"2":{"start":{"line":13,"column":0},"end":{"line":15,"column":null}},"3":{"start":{"line":14,"column":2},"end":{"line":14,"column":null}},"4":{"start":{"line":17,"column":0},"end":{"line":19,"column":null}},"5":{"start":{"line":18,"column":2},"end":{"line":18,"column":null}},"6":{"start":{"line":21,"column":0},"end":{"line":23,"column":null}},"7":{"start":{"line":22,"column":2},"end":{"line":22,"column":null}},"8":{"start":{"line":27,"column":14},"end":{"line":27,"column":null}},"9":{"start":{"line":28,"column":2},"end":{"line":28,"column":null}},"10":{"start":{"line":28,"column":12},"end":{"line":28,"column":null}},"11":{"start":{"line":29,"column":2},"end":{"line":33,"column":null}},"12":{"start":{"line":30,"column":4},"end":{"line":30,"column":null}},"13":{"start":{"line":32,"column":4},"end":{"line":32,"column":null}},"14":{"start":{"line":37,"column":2},"end":{"line":37,"column":null}},"15":{"start":{"line":41,"column":2},"end":{"line":41,"column":null}}},"fnMap":{"0":{"name":"(anonymous_0)","decl":{"start":{"line":13,"column":20},"end":{"line":13,"column":null}},"loc":{"start":{"line":13,"column":20},"end":{"line":15,"column":null}}},"1":{"name":"(anonymous_1)","decl":{"start":{"line":17,"column":18},"end":{"line":17,"column":null}},"loc":{"start":{"line":17,"column":18},"end":{"line":19,"column":null}}},"2":{"name":"(anonymous_2)","decl":{"start":{"line":21,"column":18},"end":{"line":21,"column":19}},"loc":{"start":{"line":21,"column":19},"end":{"line":23,"column":null}}},"3":{"name":"cacheGet","decl":{"start":{"line":26,"column":22},"end":{"line":26,"column":44}},"loc":{"start":{"line":26,"column":55},"end":{"line":34,"column":null}}},"4":{"name":"cacheSet","decl":{"start":{"line":36,"column":22},"end":{"line":36,"column":31}},"loc":{"start":{"line":36,"column":74},"end":{"line":38,"column":null}}},"5":{"name":"cacheDel","decl":{"start":{"line":40,"column":22},"end":{"line":40,"column":31}},"loc":{"start":{"line":40,"column":42},"end":{"line":42,"column":null}}}},"branchMap":{"0":{"loc":{"start":{"line":4,"column":12},"end":{"line":4,"column":null}},"type":"binary-expr","locations":[{"start":{"line":4,"column":12},"end":{"line":4,"column":33}},{"start":{"line":4,"column":37},"end":{"line":4,"column":null}}]},"1":{"loc":{"start":{"line":22,"column":34},"end":{"line":22,"column":null}},"type":"binary-expr","locations":[{"start":{"line":22,"column":34},"end":{"line":22,"column":50}},{"start":{"line":22,"column":50},"end":{"line":22,"column":null}}]},"2":{"loc":{"start":{"line":28,"column":2},"end":{"line":28,"column":null}},"type":"if","locations":[{"start":{"line":28,"column":2},"end":{"line":28,"column":null}},{"start":{},"end":{}}]}},"s":{"0":0,"1":0,"2":0,"3":0,"4":0,"5":0,"6":0,"7":0,"8":0,"9":0,"10":0,"11":0,"12":0,"13":0,"14":0,"15":0},"f":{"0":0,"1":0,"2":0,"3":0,"4":0,"5":0},"b":{"0":[0,0],"1":[0,0],"2":[0,0]}}
,"D:\\My Data\\Projects\\ShowTracker\\ShowTracker\\server\\src\\middleware\\requireAuth.ts": {"path":"D:\\My Data\\Projects\\ShowTracker\\ShowTracker\\server\\src\\middleware\\requireAuth.ts","statementMap":{"0":{"start":{"line":14,"column":2},"end":{"line":37,"column":null}},"1":{"start":{"line":15,"column":23},"end":{"line":15,"column":48}},"2":{"start":{"line":16,"column":4},"end":{"line":18,"column":null}},"3":{"start":{"line":17,"column":6},"end":{"line":17,"column":null}},"4":{"start":{"line":20,"column":18},"end":{"line":20,"column":null}},"5":{"start":{"line":21,"column":20},"end":{"line":21,"column":null}},"6":{"start":{"line":23,"column":17},"end":{"line":26,"column":null}},"7":{"start":{"line":28,"column":4},"end":{"line":28,"column":null}},"8":{"start":{"line":28,"column":15},"end":{"line":28,"column":null}},"9":{"start":{"line":29,"column":4},"end":{"line":31,"column":null}},"10":{"start":{"line":30,"column":6},"end":{"line":30,"column":null}},"11":{"start":{"line":33,"column":4},"end":{"line":33,"column":null}},"12":{"start":{"line":34,"column":4},"end":{"line":34,"column":null}},"13":{"start":{"line":36,"column":4},"end":{"line":36,"column":null}}},"fnMap":{"0":{"name":"requireAuth","decl":{"start":{"line":13,"column":22},"end":{"line":13,"column":34}},"loc":{"start":{"line":13,"column":81},"end":{"line":38,"column":null}}}},"branchMap":{"0":{"loc":{"start":{"line":16,"column":4},"end":{"line":18,"column":null}},"type":"if","locations":[{"start":{"line":16,"column":4},"end":{"line":18,"column":null}},{"start":{},"end":{}}]},"1":{"loc":{"start":{"line":28,"column":4},"end":{"line":28,"column":null}},"type":"if","locations":[{"start":{"line":28,"column":4},"end":{"line":28,"column":null}},{"start":{},"end":{}}]},"2":{"loc":{"start":{"line":29,"column":4},"end":{"line":31,"column":null}},"type":"if","locations":[{"start":{"line":29,"column":4},"end":{"line":31,"column":null}},{"start":{},"end":{}}]}},"s":{"0":0,"1":0,"2":0,"3":0,"4":0,"5":0,"6":0,"7":0,"8":0,"9":0,"10":0,"11":0,"12":0,"13":0},"f":{"0":0},"b":{"0":[0,0],"1":[0,0],"2":[0,0]}}
,"D:\\My Data\\Projects\\ShowTracker\\ShowTracker\\server\\src\\routes\\auth.routes.ts": {"path":"D:\\My Data\\Projects\\ShowTracker\\ShowTracker\\server\\src\\routes\\auth.routes.ts","statementMap":{"0":{"start":{"line":6,"column":15},"end":{"line":6,"column":null}},"1":{"start":{"line":8,"column":0},"end":{"line":8,"column":null}},"2":{"start":{"line":9,"column":0},"end":{"line":9,"column":null}},"3":{"start":{"line":10,"column":0},"end":{"line":10,"column":41}},"4":{"start":{"line":11,"column":0},"end":{"line":11,"column":41}},"5":{"start":{"line":12,"column":0},"end":{"line":12,"column":null}}},"fnMap":{},"branchMap":{},"s":{"0":0,"1":0,"2":0,"3":0,"4":0,"5":0},"f":{},"b":{}}
,"D:\\My Data\\Projects\\ShowTracker\\ShowTracker\\server\\src\\routes\\favorite.routes.ts": {"path":"D:\\My Data\\Projects\\ShowTracker\\ShowTracker\\server\\src\\routes\\favorite.routes.ts","statementMap":{"0":{"start":{"line":4,"column":10},"end":{"line":4,"column":null}},"1":{"start":{"line":6,"column":0},"end":{"line":6,"column":null}},"2":{"start":{"line":7,"column":0},"end":{"line":7,"column":null}},"3":{"start":{"line":8,"column":0},"end":{"line":8,"column":null}}},"fnMap":{},"branchMap":{},"s":{"0":0,"1":0,"2":0,"3":0},"f":{},"b":{}}
,"D:\\My Data\\Projects\\ShowTracker\\ShowTracker\\server\\src\\routes\\genres.routes.ts": {"path":"D:\\My Data\\Projects\\ShowTracker\\ShowTracker\\server\\src\\routes\\genres.routes.ts","statementMap":{"0":{"start":{"line":4,"column":15},"end":{"line":4,"column":null}},"1":{"start":{"line":6,"column":0},"end":{"line":6,"column":null}},"2":{"start":{"line":7,"column":0},"end":{"line":7,"column":null}}},"fnMap":{},"branchMap":{},"s":{"0":0,"1":0,"2":0},"f":{},"b":{}}
,"D:\\My Data\\Projects\\ShowTracker\\ShowTracker\\server\\src\\routes\\movies.routes.ts": {"path":"D:\\My Data\\Projects\\ShowTracker\\ShowTracker\\server\\src\\routes\\movies.routes.ts","statementMap":{"0":{"start":{"line":9,"column":15},"end":{"line":9,"column":null}},"1":{"start":{"line":11,"column":0},"end":{"line":11,"column":null}},"2":{"start":{"line":12,"column":0},"end":{"line":12,"column":null}},"3":{"start":{"line":13,"column":0},"end":{"line":13,"column":null}},"4":{"start":{"line":15,"column":0},"end":{"line":18,"column":null}},"5":{"start":{"line":16,"column":2},"end":{"line":16,"column":null}},"6":{"start":{"line":16,"column":25},"end":{"line":16,"column":null}},"7":{"start":{"line":17,"column":2},"end":{"line":17,"column":null}},"8":{"start":{"line":20,"column":0},"end":{"line":20,"column":null}}},"fnMap":{"0":{"name":"(anonymous_0)","decl":{"start":{"line":15,"column":19},"end":{"line":15,"column":20}},"loc":{"start":{"line":15,"column":36},"end":{"line":18,"column":null}}}},"branchMap":{"0":{"loc":{"start":{"line":16,"column":2},"end":{"line":16,"column":null}},"type":"if","locations":[{"start":{"line":16,"column":2},"end":{"line":16,"column":null}},{"start":{},"end":{}}]}},"s":{"0":0,"1":0,"2":0,"3":0,"4":0,"5":0,"6":0,"7":0,"8":0},"f":{"0":0},"b":{"0":[0,0]}}
,"D:\\My Data\\Projects\\ShowTracker\\ShowTracker\\server\\src\\routes\\people.routes.ts": {"path":"D:\\My Data\\Projects\\ShowTracker\\ShowTracker\\server\\src\\routes\\people.routes.ts","statementMap":{"0":{"start":{"line":4,"column":10},"end":{"line":4,"column":null}},"1":{"start":{"line":5,"column":0},"end":{"line":5,"column":null}},"2":{"start":{"line":6,"column":0},"end":{"line":6,"column":null}}},"fnMap":{},"branchMap":{},"s":{"0":0,"1":0,"2":0},"f":{},"b":{}}
,"D:\\My Data\\Projects\\ShowTracker\\ShowTracker\\server\\src\\routes\\person.routes.ts": {"path":"D:\\My Data\\Projects\\ShowTracker\\ShowTracker\\server\\src\\routes\\person.routes.ts","statementMap":{"0":{"start":{"line":4,"column":15},"end":{"line":4,"column":null}},"1":{"start":{"line":6,"column":0},"end":{"line":6,"column":null}},"2":{"start":{"line":6,"column":43},"end":{"line":6,"column":null}},"3":{"start":{"line":8,"column":0},"end":{"line":8,"column":null}}},"fnMap":{"0":{"name":"(anonymous_0)","decl":{"start":{"line":6,"column":19},"end":{"line":6,"column":20}},"loc":{"start":{"line":6,"column":43},"end":{"line":6,"column":null}}}},"branchMap":{"0":{"loc":{"start":{"line":6,"column":43},"end":{"line":6,"column":null}},"type":"cond-expr","locations":[{"start":{"line":6,"column":62},"end":{"line":6,"column":71}},{"start":{"line":6,"column":71},"end":{"line":6,"column":null}}]}},"s":{"0":0,"1":0,"2":0,"3":0},"f":{"0":0},"b":{"0":[0,0]}}
,"D:\\My Data\\Projects\\ShowTracker\\ShowTracker\\server\\src\\routes\\trending.routes.ts": {"path":"D:\\My Data\\Projects\\ShowTracker\\ShowTracker\\server\\src\\routes\\trending.routes.ts","statementMap":{"0":{"start":{"line":4,"column":15},"end":{"line":4,"column":null}},"1":{"start":{"line":6,"column":0},"end":{"line":6,"column":null}},"2":{"start":{"line":7,"column":0},"end":{"line":7,"column":null}}},"fnMap":{},"branchMap":{},"s":{"0":0,"1":0,"2":0},"f":{},"b":{}}
,"D:\\My Data\\Projects\\ShowTracker\\ShowTracker\\server\\src\\routes\\tv.routes.ts": {"path":"D:\\My Data\\Projects\\ShowTracker\\ShowTracker\\server\\src\\routes\\tv.routes.ts","statementMap":{"0":{"start":{"line":4,"column":15},"end":{"line":4,"column":null}},"1":{"start":{"line":6,"column":0},"end":{"line":6,"column":null}},"2":{"start":{"line":7,"column":0},"end":{"line":7,"column":null}},"3":{"start":{"line":8,"column":0},"end":{"line":11,"column":null}},"4":{"start":{"line":9,"column":2},"end":{"line":9,"column":null}},"5":{"start":{"line":9,"column":25},"end":{"line":9,"column":null}},"6":{"start":{"line":10,"column":2},"end":{"line":10,"column":null}},"7":{"start":{"line":12,"column":0},"end":{"line":12,"column":null}}},"fnMap":{"0":{"name":"(anonymous_0)","decl":{"start":{"line":8,"column":19},"end":{"line":8,"column":20}},"loc":{"start":{"line":8,"column":36},"end":{"line":11,"column":null}}}},"branchMap":{"0":{"loc":{"start":{"line":9,"column":2},"end":{"line":9,"column":null}},"type":"if","locations":[{"start":{"line":9,"column":2},"end":{"line":9,"column":null}},{"start":{},"end":{}}]}},"s":{"0":0,"1":0,"2":0,"3":0,"4":0,"5":0,"6":0,"7":0},"f":{"0":0},"b":{"0":[0,0]}}
,"D:\\My Data\\Projects\\ShowTracker\\ShowTracker\\server\\src\\routes\\watchlist.routes.ts": {"path":"D:\\My Data\\Projects\\ShowTracker\\ShowTracker\\server\\src\\routes\\watchlist.routes.ts","statementMap":{"0":{"start":{"line":4,"column":10},"end":{"line":4,"column":null}},"1":{"start":{"line":5,"column":0},"end":{"line":5,"column":null}},"2":{"start":{"line":6,"column":0},"end":{"line":6,"column":null}},"3":{"start":{"line":7,"column":0},"end":{"line":7,"column":null}}},"fnMap":{},"branchMap":{},"s":{"0":0,"1":0,"2":0,"3":0},"f":{},"b":{}}
,"D:\\My Data\\Projects\\ShowTracker\\ShowTracker\\server\\src\\utils\\jwt.ts": {"path":"D:\\My Data\\Projects\\ShowTracker\\ShowTracker\\server\\src\\utils\\jwt.ts","statementMap":{"0":{"start":{"line":3,"column":23},"end":{"line":3,"column":null}},"1":{"start":{"line":4,"column":23},"end":{"line":4,"column":null}},"2":{"start":{"line":7,"column":3},"end":{"line":7,"column":null}},"3":{"start":{"line":9,"column":3},"end":{"line":9,"column":null}},"4":{"start":{"line":14,"column":2},"end":{"line":14,"column":null}},"5":{"start":{"line":18,"column":2},"end":{"line":18,"column":null}},"6":{"start":{"line":22,"column":2},"end":{"line":22,"column":null}},"7":{"start":{"line":26,"column":2},"end":{"line":26,"column":null}}},"fnMap":{"0":{"name":"signAccessToken","decl":{"start":{"line":13,"column":16},"end":{"line":13,"column":32}},"loc":{"start":{"line":13,"column":62},"end":{"line":15,"column":null}}},"1":{"name":"signRefreshToken","decl":{"start":{"line":17,"column":16},"end":{"line":17,"column":33}},"loc":{"start":{"line":17,"column":63},"end":{"line":19,"column":null}}},"2":{"name":"verifyAccessToken","decl":{"start":{"line":21,"column":16},"end":{"line":21,"column":34}},"loc":{"start":{"line":21,"column":47},"end":{"line":23,"column":null}}},"3":{"name":"verifyRefreshToken","decl":{"start":{"line":25,"column":16},"end":{"line":25,"column":35}},"loc":{"start":{"line":25,"column":48},"end":{"line":27,"column":null}}}},"branchMap":{"0":{"loc":{"start":{"line":3,"column":23},"end":{"line":3,"column":null}},"type":"binary-expr","locations":[{"start":{"line":3,"column":23},"end":{"line":3,"column":52}},{"start":{"line":3,"column":56},"end":{"line":3,"column":null}}]},"1":{"loc":{"start":{"line":4,"column":23},"end":{"line":4,"column":null}},"type":"binary-expr","locations":[{"start":{"line":4,"column":23},"end":{"line":4,"column":53}},{"start":{"line":4,"column":57},"end":{"line":4,"column":null}}]},"2":{"loc":{"start":{"line":7,"column":3},"end":{"line":7,"column":null}},"type":"binary-expr","locations":[{"start":{"line":7,"column":3},"end":{"line":7,"column":35}},{"start":{"line":7,"column":39},"end":{"line":7,"column":null}}]},"3":{"loc":{"start":{"line":9,"column":3},"end":{"line":9,"column":null}},"type":"binary-expr","locations":[{"start":{"line":9,"column":3},"end":{"line":9,"column":36}},{"start":{"line":9,"column":40},"end":{"line":9,"column":null}}]},"4":{"loc":{"start":{"line":13,"column":48},"end":{"line":13,"column":62}},"type":"default-arg","locations":[{"start":{"line":13,"column":61},"end":{"line":13,"column":62}}]},"5":{"loc":{"start":{"line":17,"column":49},"end":{"line":17,"column":63}},"type":"default-arg","locations":[{"start":{"line":17,"column":62},"end":{"line":17,"column":63}}]}},"s":{"0":0,"1":0,"2":0,"3":0,"4":0,"5":0,"6":0,"7":0},"f":{"0":0,"1":0,"2":0,"3":0},"b":{"0":[0,0],"1":[0,0],"2":[0,0],"3":[0,0],"4":[0],"5":[0]}}
}
