TN:
SF:src\tmdb.ts
FN:23,tmdbGet
FNF:1
FNH:0
FNDA:0,tmdbGet
DA:3,0
DA:4,0
DA:6,0
DA:24,0
LF:4
LH:0
BRDA:23,0,0,0
BRF:1
BRH:0
end_of_record
TN:
SF:src\controllers\auth.controller.ts
FN:6,(anonymous_7)
FN:8,setRefreshCookie
FN:18,(anonymous_9)
FN:43,(anonymous_10)
FN:66,(anonymous_11)
FN:85,(anonymous_12)
FN:108,(anonymous_13)
FNF:7
FNH:7
FNDA:5,(anonymous_7)
FNDA:3,setRefreshCookie
FNDA:5,(anonymous_9)
FNDA:5,(anonymous_10)
FNDA:4,(anonymous_11)
FNDA:3,(anonymous_12)
FNDA:1,(anonymous_13)
DA:2,1
DA:3,1
DA:4,1
DA:6,5
DA:9,3
DA:18,5
DA:19,5
DA:20,5
DA:21,5
DA:22,4
DA:24,3
DA:25,2
DA:27,1
DA:28,1
DA:33,1
DA:34,1
DA:35,1
DA:37,1
DA:39,1
DA:43,5
DA:44,5
DA:45,5
DA:46,5
DA:48,4
DA:49,3
DA:51,2
DA:52,2
DA:54,1
DA:56,1
DA:57,1
DA:58,1
DA:60,1
DA:62,1
DA:66,4
DA:67,4
DA:68,4
DA:69,4
DA:71,3
DA:72,2
DA:73,2
DA:75,1
DA:76,1
DA:77,1
DA:79,1
DA:81,1
DA:85,3
DA:86,3
DA:87,3
DA:88,3
DA:89,3
DA:90,2
DA:91,1
DA:96,2
DA:101,2
DA:103,1
DA:108,1
DA:109,1
DA:110,1
LF:58
LH:58
BRDA:20,0,0,5
BRDA:20,0,1,0
BRDA:21,1,0,1
BRDA:21,1,1,4
BRDA:21,2,0,5
BRDA:21,2,1,5
BRDA:22,3,0,1
BRDA:22,3,1,3
BRDA:22,4,0,4
BRDA:22,4,1,4
BRDA:25,5,0,1
BRDA:25,5,1,1
BRDA:45,6,0,5
BRDA:45,6,1,0
BRDA:46,7,0,1
BRDA:46,7,1,4
BRDA:46,8,0,5
BRDA:46,8,1,5
BRDA:49,9,0,1
BRDA:49,9,1,2
BRDA:52,10,0,1
BRDA:52,10,1,1
BRDA:69,11,0,1
BRDA:69,11,1,3
BRDA:73,12,0,1
BRDA:73,12,1,1
BRDA:73,13,0,2
BRDA:73,13,1,2
BRDA:87,14,0,3
BRDA:87,14,1,1
BRDA:88,15,0,2
BRDA:88,15,1,1
BRDA:89,16,0,2
BRDA:89,16,1,1
BRF:34
BRH:32
end_of_record
TN:
SF:src\controllers\favorites.controller.ts
FN:8,mapType
FN:15,addFavorite
FN:53,removeFavorite
FN:74,listFavorites
FN:88,(anonymous_8)
FNF:5
FNH:5
FNDA:11,mapType
FNDA:6,addFavorite
FNDA:4,removeFavorite
FNDA:4,listFavorites
FNDA:2,(anonymous_8)
DA:2,1
DA:3,1
DA:4,1
DA:6,1
DA:9,11
DA:10,4
DA:11,2
DA:12,0
DA:15,6
DA:16,6
DA:17,6
DA:18,6
DA:19,6
DA:21,6
DA:22,5
DA:28,4
DA:29,2
DA:30,1
DA:31,2
DA:32,1
DA:33,1
DA:35,1
DA:36,1
DA:39,3
DA:47,3
DA:49,1
DA:53,4
DA:54,4
DA:55,4
DA:56,4
DA:57,4
DA:59,4
DA:60,3
DA:62,2
DA:68,1
DA:70,1
DA:74,4
DA:75,4
DA:76,4
DA:77,4
DA:78,4
DA:80,3
DA:81,3
DA:86,2
DA:88,1
DA:89,2
DA:90,0
DA:91,0
DA:94,1
DA:96,1
LF:50
LH:47
BRDA:9,0,0,7
BRDA:9,0,1,4
BRDA:10,1,0,2
BRDA:10,1,1,2
BRDA:11,2,0,2
BRDA:11,2,1,0
BRDA:21,3,0,1
BRDA:21,3,1,5
BRDA:22,4,0,1
BRDA:22,4,1,4
BRDA:28,5,0,2
BRDA:28,5,1,2
BRDA:30,6,0,1
BRDA:30,6,1,0
BRDA:31,7,0,1
BRDA:31,7,1,1
BRDA:33,8,0,1
BRDA:33,8,1,0
BRDA:36,9,0,1
BRDA:36,9,1,0
BRDA:59,10,0,1
BRDA:59,10,1,3
BRDA:60,11,0,1
BRDA:60,11,1,2
BRDA:78,12,0,1
BRDA:78,12,1,3
BRDA:86,13,0,1
BRDA:86,13,1,1
BRDA:89,14,0,2
BRDA:89,14,1,0
BRDA:90,15,0,0
BRDA:90,15,1,0
BRF:32
BRH:25
end_of_record
TN:
SF:src\controllers\genres.controller.ts
FN:7,(anonymous_3)
FN:12,(anonymous_4)
FN:23,(anonymous_5)
FN:25,(anonymous_6)
FNF:4
FNH:4
FNDA:1,(anonymous_3)
FNDA:1,(anonymous_4)
FNDA:3,(anonymous_5)
FNDA:3,(anonymous_6)
DA:2,1
DA:3,1
DA:7,1
DA:8,1
DA:9,1
DA:12,1
DA:13,1
DA:18,1
DA:19,1
DA:20,1
DA:21,4
DA:23,3
DA:24,1
DA:26,3
DA:34,1
DA:35,1
LF:16
LH:16
BRDA:18,0,0,1
BRDA:18,0,1,0
BRDA:18,1,0,1
BRDA:18,1,1,0
BRF:4
BRH:2
end_of_record
TN:
SF:src\controllers\movies.controller.ts
FN:8,(anonymous_5)
FN:25,(anonymous_6)
FN:40,(anonymous_7)
FN:59,(anonymous_8)
FNF:4
FNH:4
FNDA:3,(anonymous_5)
FNDA:2,(anonymous_6)
FNDA:1,(anonymous_7)
FNDA:2,(anonymous_8)
DA:2,1
DA:3,1
DA:5,1
DA:6,1
DA:8,3
DA:9,3
DA:10,3
DA:11,3
DA:13,2
DA:14,2
DA:15,2
DA:17,1
DA:18,1
DA:19,1
DA:21,0
DA:25,2
DA:26,2
DA:27,2
DA:28,2
DA:29,2
DA:30,2
DA:32,1
DA:33,1
DA:34,1
DA:36,0
DA:40,1
DA:41,1
DA:42,1
DA:43,1
DA:44,1
DA:45,1
DA:47,1
DA:48,1
DA:49,1
DA:51,1
DA:52,1
DA:53,1
DA:55,0
DA:59,2
DA:60,2
DA:61,2
DA:62,2
DA:63,1
DA:65,1
DA:66,1
DA:67,1
DA:69,1
DA:75,1
DA:76,1
DA:78,0
LF:50
LH:46
BRDA:11,0,0,1
BRDA:11,0,1,2
BRDA:15,1,0,1
BRDA:15,1,1,1
BRDA:21,2,0,0
BRDA:21,2,1,0
BRDA:21,3,0,0
BRDA:21,3,1,0
BRDA:27,4,0,2
BRDA:27,4,1,0
BRDA:30,5,0,1
BRDA:30,5,1,1
BRDA:36,6,0,0
BRDA:36,6,1,0
BRDA:36,7,0,0
BRDA:36,7,1,0
BRDA:42,8,0,1
BRDA:42,8,1,0
BRDA:43,9,0,1
BRDA:43,9,1,0
BRDA:44,10,0,1
BRDA:44,10,1,0
BRDA:45,11,0,1
BRDA:45,11,1,0
BRDA:47,12,0,1
BRDA:47,12,1,0
BRDA:47,13,0,1
BRDA:47,13,1,0
BRDA:49,14,0,0
BRDA:49,14,1,1
BRDA:51,15,0,1
BRDA:51,15,1,0
BRDA:55,16,0,0
BRDA:55,16,1,0
BRDA:55,17,0,0
BRDA:55,17,1,0
BRDA:61,18,0,2
BRDA:61,18,1,0
BRDA:62,19,0,1
BRDA:62,19,1,1
BRDA:63,20,0,1
BRDA:63,20,1,0
BRDA:67,21,0,0
BRDA:67,21,1,1
BRDA:78,22,0,0
BRDA:78,22,1,0
BRDA:78,23,0,0
BRDA:78,23,1,0
BRF:48
BRH:20
end_of_record
TN:
SF:src\controllers\people.controller.ts
FN:5,searchPeople
FN:18,getPerson
FNF:2
FNH:2
FNDA:3,searchPeople
FNDA:3,getPerson
DA:2,1
DA:3,1
DA:5,3
DA:6,3
DA:7,3
DA:8,3
DA:9,3
DA:11,2
DA:12,1
DA:14,1
DA:18,3
DA:19,3
DA:20,3
DA:21,3
DA:23,2
DA:25,1
DA:31,1
DA:33,1
LF:18
LH:18
BRDA:7,0,0,3
BRDA:7,0,1,0
BRDA:8,1,0,3
BRDA:8,1,1,2
BRDA:9,2,0,1
BRDA:9,2,1,2
BRDA:12,3,0,1
BRDA:12,3,1,0
BRDA:21,4,0,1
BRDA:21,4,1,2
BRDA:27,5,0,1
BRDA:27,5,1,0
BRDA:28,6,0,1
BRDA:28,6,1,0
BRF:14
BRH:10
end_of_record
TN:
SF:src\controllers\person.controller.ts
FN:8,(anonymous_0)
FN:28,upsertActorAndLinks
FN:44,(anonymous_2)
FN:45,(anonymous_3)
FN:48,(anonymous_4)
FN:49,(anonymous_5)
FN:53,upsertMovieAndLink
FN:63,(anonymous_7)
FN:77,upsertTvAndLink
FN:87,(anonymous_9)
FNF:10
FNH:0
FNDA:0,(anonymous_0)
FNDA:0,upsertActorAndLinks
FNDA:0,(anonymous_2)
FNDA:0,(anonymous_3)
FNDA:0,(anonymous_4)
FNDA:0,(anonymous_5)
FNDA:0,upsertMovieAndLink
FNDA:0,(anonymous_7)
FNDA:0,upsertTvAndLink
FNDA:0,(anonymous_9)
DA:6,0
DA:8,0
DA:9,0
DA:10,0
DA:11,0
DA:13,0
DA:14,0
DA:15,0
DA:16,0
DA:19,0
DA:21,0
DA:22,0
DA:24,0
DA:29,0
DA:42,0
DA:44,0
DA:45,0
DA:47,0
DA:48,0
DA:49,0
DA:54,0
DA:55,0
DA:56,0
DA:57,0
DA:58,0
DA:59,0
DA:60,0
DA:61,0
DA:63,0
DA:64,0
DA:69,0
DA:78,0
DA:79,0
DA:80,0
DA:81,0
DA:82,0
DA:83,0
DA:84,0
DA:85,0
DA:87,0
DA:88,0
DA:93,0
LF:42
LH:0
BRDA:11,0,0,0
BRDA:11,0,1,0
BRDA:15,1,0,0
BRDA:15,1,1,0
BRDA:24,2,0,0
BRDA:24,2,1,0
BRDA:24,3,0,0
BRDA:24,3,1,0
BRDA:33,4,0,0
BRDA:33,4,1,0
BRDA:34,5,0,0
BRDA:34,5,1,0
BRDA:37,6,0,0
BRDA:37,6,1,0
BRDA:38,7,0,0
BRDA:38,7,1,0
BRDA:42,8,0,0
BRDA:42,8,1,0
BRDA:44,9,0,0
BRDA:44,9,1,0
BRDA:45,10,0,0
BRDA:45,10,1,0
BRDA:55,11,0,0
BRDA:55,11,1,0
BRDA:55,11,2,0
BRDA:56,12,0,0
BRDA:56,12,1,0
BRDA:57,13,0,0
BRDA:57,13,1,0
BRDA:58,14,0,0
BRDA:58,14,1,0
BRDA:59,15,0,0
BRDA:59,15,1,0
BRDA:60,16,0,0
BRDA:60,16,1,0
BRDA:61,17,0,0
BRDA:61,17,1,0
BRDA:79,18,0,0
BRDA:79,18,1,0
BRDA:79,18,2,0
BRDA:80,19,0,0
BRDA:80,19,1,0
BRDA:81,20,0,0
BRDA:81,20,1,0
BRDA:82,21,0,0
BRDA:82,21,1,0
BRDA:83,22,0,0
BRDA:83,22,1,0
BRDA:84,23,0,0
BRDA:84,23,1,0
BRDA:84,23,2,0
BRDA:85,24,0,0
BRDA:85,24,1,0
BRF:53
BRH:0
end_of_record
TN:
SF:src\controllers\trending.controller.ts
FN:8,(anonymous_3)
FN:9,(anonymous_4)
FN:11,getTrending
FN:39,syncTrending
FN:50,(anonymous_7)
FNF:5
FNH:5
FNDA:58,(anonymous_3)
FNDA:58,(anonymous_4)
FNDA:5,getTrending
FNDA:4,syncTrending
FNDA:52,(anonymous_7)
DA:2,1
DA:3,1
DA:4,1
DA:6,1
DA:7,1
DA:8,58
DA:9,58
DA:11,5
DA:12,5
DA:13,5
DA:14,5
DA:15,5
DA:17,5
DA:18,1
DA:20,4
DA:25,3
DA:27,2
DA:33,2
DA:35,1
DA:39,4
DA:40,4
DA:41,4
DA:42,4
DA:43,4
DA:44,1
DA:46,3
DA:47,2
DA:49,2
DA:50,52
DA:60,2
DA:62,2
DA:64,1
LF:32
LH:32
BRDA:8,0,0,6
BRDA:8,0,1,52
BRDA:9,1,0,6
BRDA:9,1,1,52
BRDA:13,2,0,5
BRDA:13,2,1,0
BRDA:14,3,0,5
BRDA:14,3,1,0
BRDA:15,4,0,5
BRDA:15,4,1,3
BRDA:17,5,0,1
BRDA:17,5,1,4
BRDA:17,6,0,5
BRDA:17,6,1,4
BRDA:25,7,0,1
BRDA:25,7,1,2
BRDA:41,8,0,4
BRDA:41,8,1,0
BRDA:42,9,0,4
BRDA:42,9,1,0
BRDA:43,10,0,1
BRDA:43,10,1,3
BRDA:43,11,0,4
BRDA:43,11,1,3
BRDA:47,12,0,2
BRDA:47,12,1,0
BRDA:56,13,0,2
BRDA:56,13,1,50
BRDA:56,14,0,2
BRDA:56,14,1,1
BRDA:56,15,0,50
BRDA:56,15,1,49
BRDA:57,16,0,52
BRDA:57,16,1,26
BRF:34
BRH:29
end_of_record
TN:
SF:src\controllers\tv.controller.ts
FN:9,(anonymous_0)
FN:27,(anonymous_1)
FN:43,(anonymous_2)
FNF:3
FNH:0
FNDA:0,(anonymous_0)
FNDA:0,(anonymous_1)
FNDA:0,(anonymous_2)
DA:5,0
DA:6,0
DA:9,0
DA:10,0
DA:11,0
DA:12,0
DA:14,0
DA:15,0
DA:16,0
DA:18,0
DA:19,0
DA:20,0
DA:22,0
DA:27,0
DA:28,0
DA:29,0
DA:30,0
DA:31,0
DA:32,0
DA:34,0
DA:35,0
DA:36,0
DA:38,0
DA:43,0
DA:44,0
DA:45,0
DA:46,0
DA:47,0
DA:48,0
DA:50,0
DA:51,0
DA:52,0
DA:54,0
DA:61,0
DA:62,0
DA:64,0
LF:36
LH:0
BRDA:12,0,0,0
BRDA:12,0,1,0
BRDA:16,1,0,0
BRDA:16,1,1,0
BRDA:22,2,0,0
BRDA:22,2,1,0
BRDA:22,3,0,0
BRDA:22,3,1,0
BRDA:29,4,0,0
BRDA:29,4,1,0
BRDA:32,5,0,0
BRDA:32,5,1,0
BRDA:38,6,0,0
BRDA:38,6,1,0
BRDA:38,7,0,0
BRDA:38,7,1,0
BRDA:45,8,0,0
BRDA:45,8,1,0
BRDA:46,9,0,0
BRDA:46,9,1,0
BRDA:47,10,0,0
BRDA:47,10,1,0
BRDA:48,11,0,0
BRDA:48,11,1,0
BRDA:50,12,0,0
BRDA:50,12,1,0
BRDA:50,13,0,0
BRDA:50,13,1,0
BRDA:52,14,0,0
BRDA:52,14,1,0
BRDA:58,15,0,0
BRDA:58,15,1,0
BRDA:64,16,0,0
BRDA:64,16,1,0
BRDA:64,17,0,0
BRDA:64,17,1,0
BRF:36
BRH:0
end_of_record
TN:
SF:src\controllers\watchlist.controller.ts
FN:7,(anonymous_4)
FN:9,addWatch
FN:39,removeWatch
FN:57,listWatch
FN:71,(anonymous_8)
FNF:5
FNH:5
FNDA:10,(anonymous_4)
FNDA:5,addWatch
FNDA:4,removeWatch
FNDA:5,listWatch
FNDA:3,(anonymous_8)
DA:2,1
DA:3,1
DA:4,1
DA:6,1
DA:7,10
DA:9,5
DA:10,5
DA:11,5
DA:12,5
DA:13,5
DA:14,5
DA:15,4
DA:19,3
DA:20,2
DA:21,1
DA:23,1
DA:24,1
DA:27,2
DA:33,2
DA:35,1
DA:39,4
DA:40,4
DA:41,4
DA:42,4
DA:43,4
DA:44,4
DA:45,3
DA:47,2
DA:51,1
DA:53,1
DA:57,5
DA:58,5
DA:59,5
DA:60,5
DA:61,5
DA:63,4
DA:64,4
DA:69,3
DA:71,2
DA:72,3
DA:73,3
DA:76,2
DA:78,1
LF:43
LH:43
BRDA:7,0,0,6
BRDA:7,0,1,4
BRDA:14,1,0,1
BRDA:14,1,1,4
BRDA:15,2,0,1
BRDA:15,2,1,3
BRDA:19,3,0,2
BRDA:19,3,1,1
BRDA:21,4,0,1
BRDA:21,4,1,0
BRDA:24,5,0,1
BRDA:24,5,1,0
BRDA:44,6,0,1
BRDA:44,6,1,3
BRDA:45,7,0,1
BRDA:45,7,1,2
BRDA:61,8,0,1
BRDA:61,8,1,4
BRDA:69,9,0,1
BRDA:69,9,1,2
BRDA:72,10,0,2
BRDA:72,10,1,1
BRF:22
BRH:20
end_of_record
TN:
SF:src\dto\actor.dto.ts
FNF:0
FNH:0
DA:3,0
LF:1
LH:0
BRF:0
BRH:0
end_of_record
TN:
SF:src\dto\common.ts
FNF:0
FNH:0
DA:3,0
DA:6,0
LF:2
LH:0
BRF:0
BRH:0
end_of_record
TN:
SF:src\dto\favorite.dto.ts
FNF:0
FNH:0
DA:4,0
LF:1
LH:0
BRF:0
BRH:0
end_of_record
TN:
SF:src\dto\genre.dto.ts
FNF:0
FNH:0
DA:3,0
LF:1
LH:0
BRF:0
BRH:0
end_of_record
TN:
SF:src\dto\movie-actor.dto.ts
FNF:0
FNH:0
DA:3,0
LF:1
LH:0
BRF:0
BRH:0
end_of_record
TN:
SF:src\dto\movie-genre.dto.ts
FNF:0
FNH:0
DA:3,0
LF:1
LH:0
BRF:0
BRH:0
end_of_record
TN:
SF:src\dto\movie.dto.ts
FNF:0
FNH:0
DA:3,0
LF:1
LH:0
BRF:0
BRH:0
end_of_record
TN:
SF:src\dto\pagination.dto.ts
FNF:0
FNH:0
DA:3,0
LF:1
LH:0
BRF:0
BRH:0
end_of_record
TN:
SF:src\dto\params.dto.ts
FNF:0
FNH:0
DA:4,0
DA:7,0
DA:10,0
DA:13,0
LF:4
LH:0
BRF:0
BRH:0
end_of_record
TN:
SF:src\dto\search-history.dto.ts
FNF:0
FNH:0
DA:3,0
LF:1
LH:0
BRF:0
BRH:0
end_of_record
TN:
SF:src\dto\trending.dto.ts
FNF:0
FNH:0
DA:4,0
LF:1
LH:0
BRF:0
BRH:0
end_of_record
TN:
SF:src\dto\tvshow-actor.dto.ts
FNF:0
FNH:0
DA:3,0
LF:1
LH:0
BRF:0
BRH:0
end_of_record
TN:
SF:src\dto\tvshow-genre.dto.ts
FNF:0
FNH:0
DA:3,0
LF:1
LH:0
BRF:0
BRH:0
end_of_record
TN:
SF:src\dto\tvshow.dto.ts
FNF:0
FNH:0
DA:3,0
LF:1
LH:0
BRF:0
BRH:0
end_of_record
TN:
SF:src\dto\user.dto.ts
FNF:0
FNH:0
DA:3,0
LF:1
LH:0
BRF:0
BRH:0
end_of_record
TN:
SF:src\dto\watchlist.dto.ts
FNF:0
FNH:0
DA:4,0
DA:14,0
LF:2
LH:0
BRF:0
BRH:0
end_of_record
TN:
SF:src\lib\prisma.ts
FNF:0
FNH:0
DA:2,0
LF:1
LH:0
BRF:0
BRH:0
end_of_record
TN:
SF:src\lib\redis.ts
FN:13,(anonymous_0)
FN:17,(anonymous_1)
FN:21,(anonymous_2)
FN:26,cacheGet
FN:36,cacheSet
FN:40,cacheDel
FNF:6
FNH:0
FNDA:0,(anonymous_0)
FNDA:0,(anonymous_1)
FNDA:0,(anonymous_2)
FNDA:0,cacheGet
FNDA:0,cacheSet
FNDA:0,cacheDel
DA:4,0
DA:7,0
DA:13,0
DA:14,0
DA:17,0
DA:18,0
DA:21,0
DA:22,0
DA:27,0
DA:28,0
DA:29,0
DA:30,0
DA:32,0
DA:37,0
DA:41,0
LF:15
LH:0
BRDA:4,0,0,0
BRDA:4,0,1,0
BRDA:22,1,0,0
BRDA:22,1,1,0
BRDA:28,2,0,0
BRDA:28,2,1,0
BRF:6
BRH:0
end_of_record
TN:
SF:src\middleware\requireAuth.ts
FN:13,requireAuth
FNF:1
FNH:0
FNDA:0,requireAuth
DA:14,0
DA:15,0
DA:16,0
DA:17,0
DA:20,0
DA:21,0
DA:23,0
DA:28,0
DA:29,0
DA:30,0
DA:33,0
DA:34,0
DA:36,0
LF:13
LH:0
BRDA:16,0,0,0
BRDA:16,0,1,0
BRDA:28,1,0,0
BRDA:28,1,1,0
BRDA:29,2,0,0
BRDA:29,2,1,0
BRF:6
BRH:0
end_of_record
TN:
SF:src\routes\auth.routes.ts
FNF:0
FNH:0
DA:6,0
DA:8,0
DA:9,0
DA:10,0
DA:11,0
DA:12,0
LF:6
LH:0
BRF:0
BRH:0
end_of_record
TN:
SF:src\routes\favorite.routes.ts
FNF:0
FNH:0
DA:4,0
DA:6,0
DA:7,0
DA:8,0
LF:4
LH:0
BRF:0
BRH:0
end_of_record
TN:
SF:src\routes\genres.routes.ts
FNF:0
FNH:0
DA:4,0
DA:6,0
DA:7,0
LF:3
LH:0
BRF:0
BRH:0
end_of_record
TN:
SF:src\routes\movies.routes.ts
FN:15,(anonymous_0)
FNF:1
FNH:0
FNDA:0,(anonymous_0)
DA:9,0
DA:11,0
DA:12,0
DA:13,0
DA:15,0
DA:16,0
DA:17,0
DA:20,0
LF:8
LH:0
BRDA:16,0,0,0
BRDA:16,0,1,0
BRF:2
BRH:0
end_of_record
TN:
SF:src\routes\people.routes.ts
FNF:0
FNH:0
DA:4,0
DA:5,0
DA:6,0
LF:3
LH:0
BRF:0
BRH:0
end_of_record
TN:
SF:src\routes\person.routes.ts
FN:6,(anonymous_0)
FNF:1
FNH:0
FNDA:0,(anonymous_0)
DA:4,0
DA:6,0
DA:8,0
LF:3
LH:0
BRDA:6,0,0,0
BRDA:6,0,1,0
BRF:2
BRH:0
end_of_record
TN:
SF:src\routes\trending.routes.ts
FNF:0
FNH:0
DA:4,0
DA:6,0
DA:7,0
LF:3
LH:0
BRF:0
BRH:0
end_of_record
TN:
SF:src\routes\tv.routes.ts
FN:8,(anonymous_0)
FNF:1
FNH:0
FNDA:0,(anonymous_0)
DA:4,0
DA:6,0
DA:7,0
DA:8,0
DA:9,0
DA:10,0
DA:12,0
LF:7
LH:0
BRDA:9,0,0,0
BRDA:9,0,1,0
BRF:2
BRH:0
end_of_record
TN:
SF:src\routes\watchlist.routes.ts
FNF:0
FNH:0
DA:4,0
DA:5,0
DA:6,0
DA:7,0
LF:4
LH:0
BRF:0
BRH:0
end_of_record
TN:
SF:src\utils\jwt.ts
FN:13,signAccessToken
FN:17,signRefreshToken
FN:21,verifyAccessToken
FN:25,verifyRefreshToken
FNF:4
FNH:0
FNDA:0,signAccessToken
FNDA:0,signRefreshToken
FNDA:0,verifyAccessToken
FNDA:0,verifyRefreshToken
DA:3,0
DA:4,0
DA:7,0
DA:9,0
DA:14,0
DA:18,0
DA:22,0
DA:26,0
LF:8
LH:0
BRDA:3,0,0,0
BRDA:3,0,1,0
BRDA:4,1,0,0
BRDA:4,1,1,0
BRDA:7,2,0,0
BRDA:7,2,1,0
BRDA:9,3,0,0
BRDA:9,3,1,0
BRDA:13,4,0,0
BRDA:17,5,0,0
BRF:10
BRH:0
end_of_record
